


ARM Macro Assembler    Page 1 


    1 00000000         ; gpio.s
    2 00000000         ; Desenvolvido para a placa EK-TM4C1294XL
    3 00000000         ; Prof. Guilherme Peron
    4 00000000         ; Ver 1 19/03/2018
    5 00000000         ; Ver 2 26/08/2018
    6 00000000         
    7 00000000         ; ------------------------------------------------------
                       -------------------------
    8 00000000                 THUMB                        ; Instruções do tip
                                                            o Thumb-2
    9 00000000         ; ------------------------------------------------------
                       -------------------------
   10 00000000         ; Declarações EQU - Defines
   11 00000000         ; ========================
   12 00000000         ; Definições de Valores
   13 00000000 00000001 
                       BIT0    EQU              2_0001
   14 00000000 00000002 
                       BIT1    EQU              2_0010
   15 00000000         ; ========================
   16 00000000         ; Definições dos Registradores Gerais
   17 00000000 400FE608 
                       SYSCTL_RCGCGPIO_R
                               EQU              0x400FE608
   18 00000000 400FEA08 
                       SYSCTL_PRGPIO_R
                               EQU              0x400FEA08
   19 00000000         ; ========================
   20 00000000         ; Definições dos Ports
   21 00000000         ; PORT J
   22 00000000 40060520 
                       GPIO_PORTJ_AHB_LOCK_R
                               EQU              0x40060520
   23 00000000 40060524 
                       GPIO_PORTJ_AHB_CR_R
                               EQU              0x40060524
   24 00000000 40060528 
                       GPIO_PORTJ_AHB_AMSEL_R
                               EQU              0x40060528
   25 00000000 4006052C 
                       GPIO_PORTJ_AHB_PCTL_R
                               EQU              0x4006052C
   26 00000000 40060400 
                       GPIO_PORTJ_AHB_DIR_R
                               EQU              0x40060400
   27 00000000 40060420 
                       GPIO_PORTJ_AHB_AFSEL_R
                               EQU              0x40060420
   28 00000000 4006051C 
                       GPIO_PORTJ_AHB_DEN_R
                               EQU              0x4006051C
   29 00000000 40060510 
                       GPIO_PORTJ_AHB_PUR_R
                               EQU              0x40060510
   30 00000000 400603FC 
                       GPIO_PORTJ_AHB_DATA_R
                               EQU              0x400603FC
   31 00000000 00000100 
                       GPIO_PORTJ



ARM Macro Assembler    Page 2 


                               EQU              2_000000100000000
   32 00000000         ; PORT A
   33 00000000 40058520 
                       GPIO_PORTA_AHB_LOCK_R
                               EQU              0x40058520
   34 00000000 40058524 
                       GPIO_PORTA_AHB_CR_R
                               EQU              0x40058524
   35 00000000 40058528 
                       GPIO_PORTA_AHB_AMSEL_R
                               EQU              0x40058528
   36 00000000 4005852C 
                       GPIO_PORTA_AHB_PCTL_R
                               EQU              0x4005852C
   37 00000000 40058400 
                       GPIO_PORTA_AHB_DIR_R
                               EQU              0x40058400
   38 00000000 40058420 
                       GPIO_PORTA_AHB_AFSEL_R
                               EQU              0x40058420
   39 00000000 4005851C 
                       GPIO_PORTA_AHB_DEN_R
                               EQU              0x4005851C
   40 00000000 40058510 
                       GPIO_PORTA_AHB_PUR_R
                               EQU              0x40058510
   41 00000000 400583FC 
                       GPIO_PORTA_AHB_DATA_R
                               EQU              0x400583FC
   42 00000000 00000001 
                       GPIO_PORTA
                               EQU              2_000000000000001
   43 00000000         ; PORT B
   44 00000000 40059520 
                       GPIO_PORTB_AHB_LOCK_R
                               EQU              0x40059520
   45 00000000 40059524 
                       GPIO_PORTB_AHB_CR_R
                               EQU              0x40059524
   46 00000000 40059528 
                       GPIO_PORTB_AHB_AMSEL_R
                               EQU              0x40059528
   47 00000000 4005952C 
                       GPIO_PORTB_AHB_PCTL_R
                               EQU              0x4005952C
   48 00000000 40059400 
                       GPIO_PORTB_AHB_DIR_R
                               EQU              0x40059400
   49 00000000 40059420 
                       GPIO_PORTB_AHB_AFSEL_R
                               EQU              0x40059420
   50 00000000 4005951C 
                       GPIO_PORTB_AHB_DEN_R
                               EQU              0x4005951C
   51 00000000 40059510 
                       GPIO_PORTB_AHB_PUR_R
                               EQU              0x40059510
   52 00000000 400593FC 
                       GPIO_PORTB_AHB_DATA_R



ARM Macro Assembler    Page 3 


                               EQU              0x400593FC
   53 00000000 00000002 
                       GPIO_PORTB
                               EQU              2_000000000000010
   54 00000000         ; PORT Q
   55 00000000 40066520 
                       GPIO_PORTQ_AHB_LOCK_R
                               EQU              0x40066520
   56 00000000 40066524 
                       GPIO_PORTQ_AHB_CR_R
                               EQU              0x40066524
   57 00000000 40066528 
                       GPIO_PORTQ_AHB_AMSEL_R
                               EQU              0x40066528
   58 00000000 4006652C 
                       GPIO_PORTQ_AHB_PCTL_R
                               EQU              0x4006652C
   59 00000000 40066400 
                       GPIO_PORTQ_AHB_DIR_R
                               EQU              0x40066400
   60 00000000 40066420 
                       GPIO_PORTQ_AHB_AFSEL_R
                               EQU              0x40066420
   61 00000000 4006651C 
                       GPIO_PORTQ_AHB_DEN_R
                               EQU              0x4006651C
   62 00000000 40066510 
                       GPIO_PORTQ_AHB_PUR_R
                               EQU              0x40066510
   63 00000000 400663FC 
                       GPIO_PORTQ_AHB_DATA_R
                               EQU              0x400663FC
   64 00000000 00004000 
                       GPIO_PORTQ
                               EQU              2_100000000000000
   65 00000000         ; PORT P
   66 00000000 40065520 
                       GPIO_PORTP_AHB_LOCK_R
                               EQU              0x40065520
   67 00000000 40065524 
                       GPIO_PORTP_AHB_CR_R
                               EQU              0x40065524
   68 00000000 40065528 
                       GPIO_PORTP_AHB_AMSEL_R
                               EQU              0x40065528
   69 00000000 4006552C 
                       GPIO_PORTP_AHB_PCTL_R
                               EQU              0x4006552C
   70 00000000 40065400 
                       GPIO_PORTP_AHB_DIR_R
                               EQU              0x40065400
   71 00000000 40065420 
                       GPIO_PORTP_AHB_AFSEL_R
                               EQU              0x40065420
   72 00000000 4006551C 
                       GPIO_PORTP_AHB_DEN_R
                               EQU              0x4006551C
   73 00000000 40065510 
                       GPIO_PORTP_AHB_PUR_R



ARM Macro Assembler    Page 4 


                               EQU              0x40065510
   74 00000000 400653FC 
                       GPIO_PORTP_AHB_DATA_R
                               EQU              0x400653FC
   75 00000000 00002000 
                       GPIO_PORTP
                               EQU              2_010000000000000
   76 00000000         
   77 00000000         
   78 00000000         ; ------------------------------------------------------
                       -------------------------
   79 00000000         ; Área de Código - Tudo abaixo da diretiva a seguir será
                        armazenado na memória de 
   80 00000000         ;                  código
   81 00000000                 AREA             |.text|, CODE, READONLY, ALIGN=
2
   82 00000000         
   83 00000000         ; Se alguma função do arquivo for chamada em outro arqui
                       vo 
   84 00000000                 EXPORT           GPIO_Init   ; Permite chamar GP
                                                            IO_Init de outro ar
                                                            quivo
   85 00000000                 EXPORT           PortA_Output ; Permite chamar P
                                                            ortA_Output de outr
                                                            o arquivo
   86 00000000                 EXPORT           PortB_Output ; Permite chamar P
                                                            ortB_Output de outr
                                                            o arquivo
   87 00000000                 EXPORT           PortQ_Output ; Permite chamar P
                                                            ortQ_Output de outr
                                                            o arquivo
   88 00000000                 EXPORT           PortP_Output ; Permite chamar P
                                                            ortP_Output de outr
                                                            o arquivo
   89 00000000                 EXPORT           PortJ_Input ; Permite chamar Po
                                                            rtJ_Input de outro 
                                                            arquivo
   90 00000000         
   91 00000000         
   92 00000000         ;-------------------------------------------------------
                       -------------------------
   93 00000000         ; Função GPIO_Init
   94 00000000         ; Parâmetro de entrada: Não tem
   95 00000000         ; Parâmetro de saída: Não tem
   96 00000000         GPIO_Init
   97 00000000         ;=====================
   98 00000000         ; ****************************************
   99 00000000         ; Escrever função de inicialização dos GPIO
  100 00000000         ; Inicializar as portas A, J, B, Q, e P
  101 00000000         ; ****************************************
  102 00000000 4846            LDR              R0, =SYSCTL_RCGCGPIO_R ;Carrega
                                                             o endereço do regi
                                                            strador RCGCGPIO
  103 00000002 F04F 0101       MOV              R1, #GPIO_PORTA ;Seta o bit da 
                                                            porta A
  104 00000006 F441 7180       ORR              R1, #GPIO_PORTJ ;Seta o bit da 
                                                            porta J, fazendo co
                                                            m OR
  105 0000000A F041 0102       ORR              R1, #GPIO_PORTB ;Seta o bit da 



ARM Macro Assembler    Page 5 


                                                            porta B, fazendo co
                                                            m OR
  106 0000000E F441 4180       ORR              R1, #GPIO_PORTQ ;Seta o bit da 
                                                            porta Q, fazendo co
                                                            m OR
  107 00000012 F441 5100       ORR              R1, #GPIO_PORTP ;Seta o bit da 
                                                            porta P, fazendo co
                                                            m OR
  108 00000016 6001            STR              R1, [R0]    ;Move para a memóri
                                                            a os bits das porta
                                                            s no endereço do RC
                                                            GCGPIO
  109 00000018         
  110 00000018 4841            LDR              R0, =SYSCTL_PRGPIO_R ;Carrega o
                                                             endereço do PRGPIO
                                                             para esperar os GP
                                                            IO ficarem prontos
  111 0000001A         EsperaGPIO
  112 0000001A 6801            LDR              R1, [R0]    ;Lê da memória o co
                                                            nteúdo do endereço 
                                                            do registrador
  113 0000001C F04F 0201       MOV              R2, #GPIO_PORTA ;Seta os bits c
                                                            orrespondentes às p
                                                            ortas para fazer a 
                                                            comparação
  114 00000020 F442 7280       ORR              R2, #GPIO_PORTJ ;Seta o bit da 
                                                            porta J, fazendo co
                                                            m OR
  115 00000024 F042 0202       ORR              R2, #GPIO_PORTB ;Seta o bit da 
                                                            porta B, fazendo co
                                                            m OR
  116 00000028 F442 4280       ORR              R2, #GPIO_PORTQ ;Seta o bit da 
                                                            porta Q, fazendo co
                                                            m OR
  117 0000002C F442 5200       ORR              R2, #GPIO_PORTP ;Seta o bit da 
                                                            porta P, fazendo co
                                                            m OR
  118 00000030 4211            TST              R1, R2      ;ANDS de R1 com R2
  119 00000032 D0F2            BEQ              EsperaGPIO  ;Se o flag Z=1, vol
                                                            ta para o laço. Sen
                                                            ão continua executa
                                                            ndo
  120 00000034         
  121 00000034 F04F 0100       MOV              R1, #0x00   ;Colocar 0 no regis
                                                            trador para desabil
                                                            itar a função analó
                                                            gica
  122 00000038 483A            LDR              R0, =GPIO_PORTJ_AHB_AMSEL_R ;Ca
                                                            rrega o R0 com o en
                                                            dereço do AMSEL par
                                                            a a porta J
  123 0000003A 6001            STR              R1, [R0]    ;Guarda no registra
                                                            dor AMSEL da porta 
                                                            J da memória
  124 0000003C 483A            LDR              R0, =GPIO_PORTA_AHB_AMSEL_R ;Ca
                                                            rrega o R0 com o en
                                                            dereço do AMSEL par
                                                            a a porta A
  125 0000003E 6001            STR              R1, [R0]    ;Guarda no registra



ARM Macro Assembler    Page 6 


                                                            dor AMSEL da porta 
                                                            A da memória
  126 00000040 483A            LDR              R0, =GPIO_PORTB_AHB_AMSEL_R ;Ca
                                                            rrega o R0 com o en
                                                            dereço do AMSEL par
                                                            a a porta B
  127 00000042 6001            STR              R1, [R0]    ;Guarda no registra
                                                            dor AMSEL da porta 
                                                            B da memória
  128 00000044 483A            LDR              R0, =GPIO_PORTQ_AHB_AMSEL_R ;Ca
                                                            rrega o R0 com o en
                                                            dereço do AMSEL par
                                                            a a porta Q
  129 00000046 6001            STR              R1, [R0]    ;Guarda no registra
                                                            dor AMSEL da porta 
                                                            Q da memória
  130 00000048 483A            LDR              R0, =GPIO_PORTP_AHB_AMSEL_R ;Ca
                                                            rrega o R0 com o en
                                                            dereço do AMSEL par
                                                            a a porta P
  131 0000004A 6001            STR              R1, [R0]    ;Guarda no registra
                                                            dor AMSEL da porta 
                                                            P da memória
  132 0000004C         
  133 0000004C F04F 0100       MOV              R1, #0x00   ;Colocar 0 no regis
                                                            trador para selecio
                                                            nar o modo GPIO
  134 00000050 4839            LDR              R0, =GPIO_PORTJ_AHB_PCTL_R ;Car
                                                            rega o R0 com o end
                                                            ereço do PCTL para 
                                                            a porta J
  135 00000052 6001            STR              R1, [R0]    ;Guarda no registra
                                                            dor PCTL da porta J
                                                             da memória
  136 00000054 4839            LDR              R0, =GPIO_PORTA_AHB_PCTL_R ;Car
                                                            rega o R0 com o end
                                                            ereço do PCTL para 
                                                            a porta A
  137 00000056 6001            STR              R1, [R0]    ;Guarda no registra
                                                            dor PCTL da porta A
                                                             da memória
  138 00000058 4839            LDR              R0, =GPIO_PORTB_AHB_PCTL_R ;Car
                                                            rega o R0 com o end
                                                            ereço do PCTL para 
                                                            a porta B
  139 0000005A 6001            STR              R1, [R0]    ;Guarda no registra
                                                            dor PCTL da porta B
                                                             da memória
  140 0000005C 4839            LDR              R0, =GPIO_PORTQ_AHB_PCTL_R ;Car
                                                            rega o R0 com o end
                                                            ereço do PCTL para 
                                                            a porta Q
  141 0000005E 6001            STR              R1, [R0]    ;Guarda no registra
                                                            dor PCTL da porta Q
                                                             da memória
  142 00000060 4839            LDR              R0, =GPIO_PORTP_AHB_PCTL_R ;Car
                                                            rega o R0 com o end
                                                            ereço do PCTL para 
                                                            a porta P



ARM Macro Assembler    Page 7 


  143 00000062 6001            STR              R1, [R0]    ;Guarda no registra
                                                            dor PCTL da porta P
                                                             da memória
  144 00000064         
  145 00000064 4839            LDR              R0, =GPIO_PORTA_AHB_DIR_R ;Carr
                                                            ega o R0 com o ende
                                                            reço do DIR para a 
                                                            porta A
  146 00000066 F04F 01F0       MOV              R1, #2_11110000 ;PA4, PA5, PA6 
                                                            e PA7 para o SSD
  147 0000006A 6001            STR              R1, [R0]    ;Guarda no registra
                                                            dor
  148 0000006C         
  149 0000006C 4838            LDR              R0, =GPIO_PORTB_AHB_DIR_R ;Carr
                                                            ega o R0 com o ende
                                                            reço do DIR para a 
                                                            porta B
  150 0000006E F04F 0130       MOV              R1, #2_00110000 ;PB4 e PB5 para
                                                             os transistores
  151 00000072 6001            STR              R1, [R0]    ;Guarda no registra
                                                            dor
  152 00000074         
  153 00000074 4837            LDR              R0, =GPIO_PORTQ_AHB_DIR_R ;Carr
                                                            ega o R0 com o ende
                                                            reço do DIR para a 
                                                            porta Q
  154 00000076 F04F 010F       MOV              R1, #2_00001111 ;PQ0, PQ1, PQ2 
                                                            e PQ3 para o SSD
  155 0000007A 6001            STR              R1, [R0]    ;Guarda no registra
                                                            dor
  156 0000007C         
  157 0000007C 4836            LDR              R0, =GPIO_PORTP_AHB_DIR_R ;Carr
                                                            ega o R0 com o ende
                                                            reço do DIR para a 
                                                            porta P
  158 0000007E F04F 0120       MOV              R1, #2_00100000 ;PP5 para o tra
                                                            nsistor
  159 00000082 6001            STR              R1, [R0]    ;Guarda no registra
                                                            dor
  160 00000084         
  161 00000084 4835            LDR              R0, =GPIO_PORTJ_AHB_DIR_R ;Carr
                                                            ega o R0 com o ende
                                                            reço do DIR para a 
                                                            porta J
  162 00000086 F04F 0100       MOV              R1, #0x00   ;Colocar 0 no regis
                                                            trador DIR para fun
                                                            cionar com saída
  163 0000008A 6001            STR              R1, [R0]    ;Guarda no registra
                                                            dor PCTL da porta J
                                                             da memória
  164 0000008C         
  165 0000008C F04F 0100       MOV              R1, #0x00   ;Colocar o valor 0 
                                                            para não setar funç
                                                            ão alternativa
  166 00000090 4833            LDR              R0, =GPIO_PORTA_AHB_AFSEL_R ;Ca
                                                            rrega o endereço do
                                                             AFSEL da porta A
  167 00000092 6001            STR              R1, [R0]    ;Escreve na porta
  168 00000094 4833            LDR              R0, =GPIO_PORTJ_AHB_AFSEL_R ;Ca



ARM Macro Assembler    Page 8 


                                                            rrega o endereço do
                                                             AFSEL da porta J
  169 00000096 6001            STR              R1, [R0]    ;Escreve na porta
  170 00000098 4833            LDR              R0, =GPIO_PORTB_AHB_AFSEL_R ;Ca
                                                            rrega o endereço do
                                                             AFSEL da porta B
  171 0000009A 6001            STR              R1, [R0]    ;Escreve na porta
  172 0000009C 4833            LDR              R0, =GPIO_PORTQ_AHB_AFSEL_R ;Ca
                                                            rrega o endereço do
                                                             AFSEL da porta Q
  173 0000009E 6001            STR              R1, [R0]    ;Escreve na porta
  174 000000A0 4833            LDR              R0, =GPIO_PORTP_AHB_AFSEL_R ;Ca
                                                            rrega o endereço do
                                                             AFSEL da porta P
  175 000000A2 6001            STR              R1, [R0]    ;Escreve na porta
  176 000000A4         
  177 000000A4 4833            LDR              R0, =GPIO_PORTA_AHB_DEN_R ;Carr
                                                            ega o endereço do D
                                                            EN
  178 000000A6 F04F 01F0       MOV              R1, #2_11110000 ;Ativa os pinos
                                                             PA4, PA5, PA6 e PA
                                                            7 como I/O Digital
  179 000000AA 6001            STR              R1, [R0]    ;Escreve no registr
                                                            ador da memória fun
                                                            cionalidade digital
                                                            
  180 000000AC         
  181 000000AC 4832            LDR              R0, =GPIO_PORTB_AHB_DEN_R ;Carr
                                                            ega o endereço do D
                                                            EN
  182 000000AE F04F 0130       MOV              R1, #2_00110000 ;Ativa os pinos
                                                             PB4 e PB5 como I/O
                                                             Digital
  183 000000B2 6001            STR              R1, [R0]    ;Escreve no registr
                                                            ador da memória fun
                                                            cionalidade digital
                                                            
  184 000000B4         
  185 000000B4 4831            LDR              R0, =GPIO_PORTQ_AHB_DEN_R ;Carr
                                                            ega o endereço do D
                                                            EN
  186 000000B6 F04F 010F       MOV              R1, #2_00001111 ;Ativa os pinos
                                                             PQ0, PQ1, PQ2 e PQ
                                                            3 como I/O Digital
  187 000000BA 6001            STR              R1, [R0]    ;Escreve no registr
                                                            ador da memória fun
                                                            cionalidade digital
                                                            
  188 000000BC         
  189 000000BC 4830            LDR              R0, =GPIO_PORTP_AHB_DEN_R ;Carr
                                                            ega o endereço do D
                                                            EN
  190 000000BE F04F 0120       MOV              R1, #2_00100000 ;Ativa o pino P
                                                            P5 como I/O Digital
                                                            
  191 000000C2 6001            STR              R1, [R0]    ;Escreve no registr
                                                            ador da memória fun
                                                            cionalidade digital
                                                            



ARM Macro Assembler    Page 9 


  192 000000C4         
  193 000000C4 482F            LDR              R0, =GPIO_PORTJ_AHB_DEN_R ;Carr
                                                            ega o endereço do D
                                                            EN
  194 000000C6 F04F 0103       MOV              R1, #2_00000011 ;Ativa os pinos
                                                             PJ0 e PJ1 como I/O
                                                             Digital      
  195 000000CA 6001            STR              R1, [R0]    ;Escreve no registr
                                                            ador da memória fun
                                                            cionalidade digital
                                                            
  196 000000CC         
  197 000000CC         
  198 000000CC 482E            LDR              R0, =GPIO_PORTJ_AHB_PUR_R ;Carr
                                                            ega o endereço do P
                                                            UR para a porta J
  199 000000CE F04F 0103       MOV              R1, #2_00000011 ;Habilitar func
                                                            ionalidade digital 
                                                            de resistor de pull
                                                            -up 
  200 000000D2         ;nos bits 0 e 1
  201 000000D2 6001            STR              R1, [R0]    ;Escreve no registr
                                                            ador da memória do 
                                                            resistor de pull-up
                                                            
  202 000000D4         
  203 000000D4 4770            BX               LR
  204 000000D6         
  205 000000D6         ; ------------------------------------------------------
                       -------------------------
  206 000000D6         ; Função PortA_Output
  207 000000D6         ; Parâmetro de entrada: 
  208 000000D6         ; Parâmetro de saída: Não tem
  209 000000D6         PortA_Output
  210 000000D6         ; ****************************************
  211 000000D6         ; Escrever função que acende ou apaga os segmentos do SS
                       D
  212 000000D6         ; ****************************************
  213 000000D6 492D            LDR              R1, =GPIO_PORTA_AHB_DATA_R ;Car
                                                            rega o valor do off
                                                            set do data registe
                                                            r
  214 000000D8         ;Read-Modify-Write para escrita
  215 000000D8 680A            LDR              R2, [R1]
  216 000000DA F022 02F0       BIC              R2, #2_11110000 ;Primeiro limpa
                                                            mos os quatro bits 
                                                            do lido da porta R2
                                                             = R2 & 00001111
  217 000000DE EA40 0002       ORR              R0, R0, R2  ;Fazer o OR do lido
                                                             pela porta com o p
                                                            arâmetro de entrada
                                                            
  218 000000E2 6008            STR              R0, [R1]    ;Escreve na porta A
                                                             o barramento de da
                                                            dos dos pinos A4, A
                                                            5, A6 e A7
  219 000000E4 4770            BX               LR          ;Retorno
  220 000000E6         ; ------------------------------------------------------
                       -------------------------



ARM Macro Assembler    Page 10 


  221 000000E6         ; Função PortB_Output
  222 000000E6         ; Parâmetro de entrada: 
  223 000000E6         ; Parâmetro de saída: Não tem
  224 000000E6         PortB_Output
  225 000000E6         ; ****************************************
  226 000000E6         ; Escrever função que ativa ou desativa os transistores
  227 000000E6         ; ****************************************
  228 000000E6 492A            LDR              R1, =GPIO_PORTB_AHB_DATA_R ;Car
                                                            rega o valor do off
                                                            set do data registe
                                                            r
  229 000000E8         ;Read-Modify-Write para escrita
  230 000000E8 680A            LDR              R2, [R1]
  231 000000EA F022 0230       BIC              R2, #2_00110000 ;Primeiro limpa
                                                            mos os dois bits do
                                                             lido da porta R2 =
                                                             R2 & 11001111
  232 000000EE EA40 0002       ORR              R0, R0, R2  ;Fazer o OR do lido
                                                             pela porta com o p
                                                            arâmetro de entrada
                                                            
  233 000000F2 6008            STR              R0, [R1]    ;Escreve na porta B
                                                             o barramento de da
                                                            dos dos pinos B4 e 
                                                            B5
  234 000000F4 4770            BX               LR          ;Retorno
  235 000000F6         ; ------------------------------------------------------
                       -------------------------
  236 000000F6         ; Função PortQ_Output
  237 000000F6         ; Parâmetro de entrada: 
  238 000000F6         ; Parâmetro de saída: Não tem
  239 000000F6         PortQ_Output
  240 000000F6         ; ****************************************
  241 000000F6         ; Escrever função que acende ou apaga os segmentos do SS
                       D
  242 000000F6         ; ****************************************
  243 000000F6 4927            LDR              R1, =GPIO_PORTQ_AHB_DATA_R ;Car
                                                            rega o valor do off
                                                            set do data registe
                                                            r
  244 000000F8         ;Read-Modify-Write para escrita
  245 000000F8 680A            LDR              R2, [R1]
  246 000000FA F022 020F       BIC              R2, #2_00001111 ;Primeiro limpa
                                                            mos os quatro bits 
                                                            do lido da porta R2
                                                             = R2 & 11110000
  247 000000FE EA40 0002       ORR              R0, R0, R2  ;Fazer o OR do lido
                                                             pela porta com o p
                                                            arâmetro de entrada
                                                            
  248 00000102 6008            STR              R0, [R1]    ;Escreve na porta Q
                                                             o barramento de da
                                                            dos dos pinos Q0, Q
                                                            1, Q2 e Q3
  249 00000104 4770            BX               LR          ;Retorno
  250 00000106         ; ------------------------------------------------------
                       -------------------------
  251 00000106         ; Função PortP_Output
  252 00000106         ; Parâmetro de entrada: 



ARM Macro Assembler    Page 11 


  253 00000106         ; Parâmetro de saída: Não tem
  254 00000106         PortP_Output
  255 00000106         ; ****************************************
  256 00000106         ; Escrever função que ativa ou desativa o transistor
  257 00000106         ; ****************************************
  258 00000106 4924            LDR              R1, =GPIO_PORTP_AHB_DATA_R ;Car
                                                            rega o valor do off
                                                            set do data registe
                                                            r
  259 00000108         ;Read-Modify-Write para escrita
  260 00000108 680A            LDR              R2, [R1]
  261 0000010A F022 0220       BIC              R2, #2_00100000 ;Primeiro limpa
                                                            mos o bit do lido d
                                                            a porta R2 = R2 & 1
                                                            1011111
  262 0000010E EA40 0002       ORR              R0, R0, R2  ;Fazer o OR do lido
                                                             pela porta com o p
                                                            arâmetro de entrada
                                                            
  263 00000112 6008            STR              R0, [R1]    ;Escreve na porta P
                                                             o barramento de da
                                                            dos do pino P5
  264 00000114 4770            BX               LR          ;Retorno
  265 00000116         ; ------------------------------------------------------
                       -------------------------
  266 00000116         ; Função PortJ_Input
  267 00000116         ; Parâmetro de entrada: Não tem
  268 00000116         ; Parâmetro de saída: R0 --> o valor da leitura
  269 00000116         PortJ_Input
  270 00000116         ; ****************************************
  271 00000116         ; Escrever função que lê a chave e retorna 
  272 00000116         ; um registrador se está ativada ou não
  273 00000116         ; ****************************************
  274 00000116 4921            LDR              R1, =GPIO_PORTJ_AHB_DATA_R ;Car
                                                            rega o valor do off
                                                            set do data registe
                                                            r
  275 00000118 6808            LDR              R0, [R1]    ;Lê no barramento d
                                                            e dados dos pinos [
                                                            J1-J0]
  276 0000011A 4770            BX               LR          ;Retorno
  277 0000011C         
  278 0000011C         
  279 0000011C                 ALIGN                        ; garante que o fim
                                                             da seção está alin
                                                            hada 
  280 0000011C                 END                          ; fim do arquivo
              400FE608 
              400FEA08 
              40060528 
              40058528 
              40059528 
              40066528 
              40065528 
              4006052C 
              4005852C 
              4005952C 
              4006652C 
              4006552C 



ARM Macro Assembler    Page 12 


              40058400 
              40059400 
              40066400 
              40065400 
              40060400 
              40058420 
              40060420 
              40059420 
              40066420 
              40065420 
              4005851C 
              4005951C 
              4006651C 
              4006551C 
              4006051C 
              40060510 
              400583FC 
              400593FC 
              400663FC 
              400653FC 
              400603FC 
Command Line: --debug --xref --diag_suppress=9931 --cpu=Cortex-M4.fp --apcs=int
erwork --depend=.\objects\gpio.d -o.\objects\gpio.o -I.\RTE\_Target_1 -IC:\Keil
_v5\ARM\PACK\Keil\TM4C_DFP\1.1.0\Device\Include\TM4C129 -IC:\Keil_v5\ARM\CMSIS\
Include --predefine="__EVAL SETA 1" --predefine="__UVISION_VERSION SETA 526" --
predefine="TM4C1294NCPDT SETA 1" --list=.\listings\gpio.lst gpio.s



ARM Macro Assembler    Page 1 Alphabetic symbol ordering
Relocatable symbols

.text 00000000

Symbol: .text
   Definitions
      At line 81 in file gpio.s
   Uses
      None
Comment: .text unused
EsperaGPIO 0000001A

Symbol: EsperaGPIO
   Definitions
      At line 111 in file gpio.s
   Uses
      At line 119 in file gpio.s
Comment: EsperaGPIO used once
GPIO_Init 00000000

Symbol: GPIO_Init
   Definitions
      At line 96 in file gpio.s
   Uses
      At line 84 in file gpio.s
Comment: GPIO_Init used once
PortA_Output 000000D6

Symbol: PortA_Output
   Definitions
      At line 209 in file gpio.s
   Uses
      At line 85 in file gpio.s
Comment: PortA_Output used once
PortB_Output 000000E6

Symbol: PortB_Output
   Definitions
      At line 224 in file gpio.s
   Uses
      At line 86 in file gpio.s
Comment: PortB_Output used once
PortJ_Input 00000116

Symbol: PortJ_Input
   Definitions
      At line 269 in file gpio.s
   Uses
      At line 89 in file gpio.s
Comment: PortJ_Input used once
PortP_Output 00000106

Symbol: PortP_Output
   Definitions
      At line 254 in file gpio.s
   Uses
      At line 88 in file gpio.s
Comment: PortP_Output used once
PortQ_Output 000000F6

Symbol: PortQ_Output



ARM Macro Assembler    Page 2 Alphabetic symbol ordering
Relocatable symbols

   Definitions
      At line 239 in file gpio.s
   Uses
      At line 87 in file gpio.s
Comment: PortQ_Output used once
8 symbols



ARM Macro Assembler    Page 1 Alphabetic symbol ordering
Absolute symbols

BIT0 00000001

Symbol: BIT0
   Definitions
      At line 13 in file gpio.s
   Uses
      None
Comment: BIT0 unused
BIT1 00000002

Symbol: BIT1
   Definitions
      At line 14 in file gpio.s
   Uses
      None
Comment: BIT1 unused
GPIO_PORTA 00000001

Symbol: GPIO_PORTA
   Definitions
      At line 42 in file gpio.s
   Uses
      At line 103 in file gpio.s
      At line 113 in file gpio.s

GPIO_PORTA_AHB_AFSEL_R 40058420

Symbol: GPIO_PORTA_AHB_AFSEL_R
   Definitions
      At line 38 in file gpio.s
   Uses
      At line 166 in file gpio.s
Comment: GPIO_PORTA_AHB_AFSEL_R used once
GPIO_PORTA_AHB_AMSEL_R 40058528

Symbol: GPIO_PORTA_AHB_AMSEL_R
   Definitions
      At line 35 in file gpio.s
   Uses
      At line 124 in file gpio.s
Comment: GPIO_PORTA_AHB_AMSEL_R used once
GPIO_PORTA_AHB_CR_R 40058524

Symbol: GPIO_PORTA_AHB_CR_R
   Definitions
      At line 34 in file gpio.s
   Uses
      None
Comment: GPIO_PORTA_AHB_CR_R unused
GPIO_PORTA_AHB_DATA_R 400583FC

Symbol: GPIO_PORTA_AHB_DATA_R
   Definitions
      At line 41 in file gpio.s
   Uses
      At line 213 in file gpio.s
Comment: GPIO_PORTA_AHB_DATA_R used once
GPIO_PORTA_AHB_DEN_R 4005851C




ARM Macro Assembler    Page 2 Alphabetic symbol ordering
Absolute symbols

Symbol: GPIO_PORTA_AHB_DEN_R
   Definitions
      At line 39 in file gpio.s
   Uses
      At line 177 in file gpio.s
Comment: GPIO_PORTA_AHB_DEN_R used once
GPIO_PORTA_AHB_DIR_R 40058400

Symbol: GPIO_PORTA_AHB_DIR_R
   Definitions
      At line 37 in file gpio.s
   Uses
      At line 145 in file gpio.s
Comment: GPIO_PORTA_AHB_DIR_R used once
GPIO_PORTA_AHB_LOCK_R 40058520

Symbol: GPIO_PORTA_AHB_LOCK_R
   Definitions
      At line 33 in file gpio.s
   Uses
      None
Comment: GPIO_PORTA_AHB_LOCK_R unused
GPIO_PORTA_AHB_PCTL_R 4005852C

Symbol: GPIO_PORTA_AHB_PCTL_R
   Definitions
      At line 36 in file gpio.s
   Uses
      At line 136 in file gpio.s
Comment: GPIO_PORTA_AHB_PCTL_R used once
GPIO_PORTA_AHB_PUR_R 40058510

Symbol: GPIO_PORTA_AHB_PUR_R
   Definitions
      At line 40 in file gpio.s
   Uses
      None
Comment: GPIO_PORTA_AHB_PUR_R unused
GPIO_PORTB 00000002

Symbol: GPIO_PORTB
   Definitions
      At line 53 in file gpio.s
   Uses
      At line 105 in file gpio.s
      At line 115 in file gpio.s

GPIO_PORTB_AHB_AFSEL_R 40059420

Symbol: GPIO_PORTB_AHB_AFSEL_R
   Definitions
      At line 49 in file gpio.s
   Uses
      At line 170 in file gpio.s
Comment: GPIO_PORTB_AHB_AFSEL_R used once
GPIO_PORTB_AHB_AMSEL_R 40059528

Symbol: GPIO_PORTB_AHB_AMSEL_R
   Definitions



ARM Macro Assembler    Page 3 Alphabetic symbol ordering
Absolute symbols

      At line 46 in file gpio.s
   Uses
      At line 126 in file gpio.s
Comment: GPIO_PORTB_AHB_AMSEL_R used once
GPIO_PORTB_AHB_CR_R 40059524

Symbol: GPIO_PORTB_AHB_CR_R
   Definitions
      At line 45 in file gpio.s
   Uses
      None
Comment: GPIO_PORTB_AHB_CR_R unused
GPIO_PORTB_AHB_DATA_R 400593FC

Symbol: GPIO_PORTB_AHB_DATA_R
   Definitions
      At line 52 in file gpio.s
   Uses
      At line 228 in file gpio.s
Comment: GPIO_PORTB_AHB_DATA_R used once
GPIO_PORTB_AHB_DEN_R 4005951C

Symbol: GPIO_PORTB_AHB_DEN_R
   Definitions
      At line 50 in file gpio.s
   Uses
      At line 181 in file gpio.s
Comment: GPIO_PORTB_AHB_DEN_R used once
GPIO_PORTB_AHB_DIR_R 40059400

Symbol: GPIO_PORTB_AHB_DIR_R
   Definitions
      At line 48 in file gpio.s
   Uses
      At line 149 in file gpio.s
Comment: GPIO_PORTB_AHB_DIR_R used once
GPIO_PORTB_AHB_LOCK_R 40059520

Symbol: GPIO_PORTB_AHB_LOCK_R
   Definitions
      At line 44 in file gpio.s
   Uses
      None
Comment: GPIO_PORTB_AHB_LOCK_R unused
GPIO_PORTB_AHB_PCTL_R 4005952C

Symbol: GPIO_PORTB_AHB_PCTL_R
   Definitions
      At line 47 in file gpio.s
   Uses
      At line 138 in file gpio.s
Comment: GPIO_PORTB_AHB_PCTL_R used once
GPIO_PORTB_AHB_PUR_R 40059510

Symbol: GPIO_PORTB_AHB_PUR_R
   Definitions
      At line 51 in file gpio.s
   Uses
      None



ARM Macro Assembler    Page 4 Alphabetic symbol ordering
Absolute symbols

Comment: GPIO_PORTB_AHB_PUR_R unused
GPIO_PORTJ 00000100

Symbol: GPIO_PORTJ
   Definitions
      At line 31 in file gpio.s
   Uses
      At line 104 in file gpio.s
      At line 114 in file gpio.s

GPIO_PORTJ_AHB_AFSEL_R 40060420

Symbol: GPIO_PORTJ_AHB_AFSEL_R
   Definitions
      At line 27 in file gpio.s
   Uses
      At line 168 in file gpio.s
Comment: GPIO_PORTJ_AHB_AFSEL_R used once
GPIO_PORTJ_AHB_AMSEL_R 40060528

Symbol: GPIO_PORTJ_AHB_AMSEL_R
   Definitions
      At line 24 in file gpio.s
   Uses
      At line 122 in file gpio.s
Comment: GPIO_PORTJ_AHB_AMSEL_R used once
GPIO_PORTJ_AHB_CR_R 40060524

Symbol: GPIO_PORTJ_AHB_CR_R
   Definitions
      At line 23 in file gpio.s
   Uses
      None
Comment: GPIO_PORTJ_AHB_CR_R unused
GPIO_PORTJ_AHB_DATA_R 400603FC

Symbol: GPIO_PORTJ_AHB_DATA_R
   Definitions
      At line 30 in file gpio.s
   Uses
      At line 274 in file gpio.s
Comment: GPIO_PORTJ_AHB_DATA_R used once
GPIO_PORTJ_AHB_DEN_R 4006051C

Symbol: GPIO_PORTJ_AHB_DEN_R
   Definitions
      At line 28 in file gpio.s
   Uses
      At line 193 in file gpio.s
Comment: GPIO_PORTJ_AHB_DEN_R used once
GPIO_PORTJ_AHB_DIR_R 40060400

Symbol: GPIO_PORTJ_AHB_DIR_R
   Definitions
      At line 26 in file gpio.s
   Uses
      At line 161 in file gpio.s
Comment: GPIO_PORTJ_AHB_DIR_R used once
GPIO_PORTJ_AHB_LOCK_R 40060520



ARM Macro Assembler    Page 5 Alphabetic symbol ordering
Absolute symbols


Symbol: GPIO_PORTJ_AHB_LOCK_R
   Definitions
      At line 22 in file gpio.s
   Uses
      None
Comment: GPIO_PORTJ_AHB_LOCK_R unused
GPIO_PORTJ_AHB_PCTL_R 4006052C

Symbol: GPIO_PORTJ_AHB_PCTL_R
   Definitions
      At line 25 in file gpio.s
   Uses
      At line 134 in file gpio.s
Comment: GPIO_PORTJ_AHB_PCTL_R used once
GPIO_PORTJ_AHB_PUR_R 40060510

Symbol: GPIO_PORTJ_AHB_PUR_R
   Definitions
      At line 29 in file gpio.s
   Uses
      At line 198 in file gpio.s
Comment: GPIO_PORTJ_AHB_PUR_R used once
GPIO_PORTP 00002000

Symbol: GPIO_PORTP
   Definitions
      At line 75 in file gpio.s
   Uses
      At line 107 in file gpio.s
      At line 117 in file gpio.s

GPIO_PORTP_AHB_AFSEL_R 40065420

Symbol: GPIO_PORTP_AHB_AFSEL_R
   Definitions
      At line 71 in file gpio.s
   Uses
      At line 174 in file gpio.s
Comment: GPIO_PORTP_AHB_AFSEL_R used once
GPIO_PORTP_AHB_AMSEL_R 40065528

Symbol: GPIO_PORTP_AHB_AMSEL_R
   Definitions
      At line 68 in file gpio.s
   Uses
      At line 130 in file gpio.s
Comment: GPIO_PORTP_AHB_AMSEL_R used once
GPIO_PORTP_AHB_CR_R 40065524

Symbol: GPIO_PORTP_AHB_CR_R
   Definitions
      At line 67 in file gpio.s
   Uses
      None
Comment: GPIO_PORTP_AHB_CR_R unused
GPIO_PORTP_AHB_DATA_R 400653FC

Symbol: GPIO_PORTP_AHB_DATA_R



ARM Macro Assembler    Page 6 Alphabetic symbol ordering
Absolute symbols

   Definitions
      At line 74 in file gpio.s
   Uses
      At line 258 in file gpio.s
Comment: GPIO_PORTP_AHB_DATA_R used once
GPIO_PORTP_AHB_DEN_R 4006551C

Symbol: GPIO_PORTP_AHB_DEN_R
   Definitions
      At line 72 in file gpio.s
   Uses
      At line 189 in file gpio.s
Comment: GPIO_PORTP_AHB_DEN_R used once
GPIO_PORTP_AHB_DIR_R 40065400

Symbol: GPIO_PORTP_AHB_DIR_R
   Definitions
      At line 70 in file gpio.s
   Uses
      At line 157 in file gpio.s
Comment: GPIO_PORTP_AHB_DIR_R used once
GPIO_PORTP_AHB_LOCK_R 40065520

Symbol: GPIO_PORTP_AHB_LOCK_R
   Definitions
      At line 66 in file gpio.s
   Uses
      None
Comment: GPIO_PORTP_AHB_LOCK_R unused
GPIO_PORTP_AHB_PCTL_R 4006552C

Symbol: GPIO_PORTP_AHB_PCTL_R
   Definitions
      At line 69 in file gpio.s
   Uses
      At line 142 in file gpio.s
Comment: GPIO_PORTP_AHB_PCTL_R used once
GPIO_PORTP_AHB_PUR_R 40065510

Symbol: GPIO_PORTP_AHB_PUR_R
   Definitions
      At line 73 in file gpio.s
   Uses
      None
Comment: GPIO_PORTP_AHB_PUR_R unused
GPIO_PORTQ 00004000

Symbol: GPIO_PORTQ
   Definitions
      At line 64 in file gpio.s
   Uses
      At line 106 in file gpio.s
      At line 116 in file gpio.s

GPIO_PORTQ_AHB_AFSEL_R 40066420

Symbol: GPIO_PORTQ_AHB_AFSEL_R
   Definitions
      At line 60 in file gpio.s



ARM Macro Assembler    Page 7 Alphabetic symbol ordering
Absolute symbols

   Uses
      At line 172 in file gpio.s
Comment: GPIO_PORTQ_AHB_AFSEL_R used once
GPIO_PORTQ_AHB_AMSEL_R 40066528

Symbol: GPIO_PORTQ_AHB_AMSEL_R
   Definitions
      At line 57 in file gpio.s
   Uses
      At line 128 in file gpio.s
Comment: GPIO_PORTQ_AHB_AMSEL_R used once
GPIO_PORTQ_AHB_CR_R 40066524

Symbol: GPIO_PORTQ_AHB_CR_R
   Definitions
      At line 56 in file gpio.s
   Uses
      None
Comment: GPIO_PORTQ_AHB_CR_R unused
GPIO_PORTQ_AHB_DATA_R 400663FC

Symbol: GPIO_PORTQ_AHB_DATA_R
   Definitions
      At line 63 in file gpio.s
   Uses
      At line 243 in file gpio.s
Comment: GPIO_PORTQ_AHB_DATA_R used once
GPIO_PORTQ_AHB_DEN_R 4006651C

Symbol: GPIO_PORTQ_AHB_DEN_R
   Definitions
      At line 61 in file gpio.s
   Uses
      At line 185 in file gpio.s
Comment: GPIO_PORTQ_AHB_DEN_R used once
GPIO_PORTQ_AHB_DIR_R 40066400

Symbol: GPIO_PORTQ_AHB_DIR_R
   Definitions
      At line 59 in file gpio.s
   Uses
      At line 153 in file gpio.s
Comment: GPIO_PORTQ_AHB_DIR_R used once
GPIO_PORTQ_AHB_LOCK_R 40066520

Symbol: GPIO_PORTQ_AHB_LOCK_R
   Definitions
      At line 55 in file gpio.s
   Uses
      None
Comment: GPIO_PORTQ_AHB_LOCK_R unused
GPIO_PORTQ_AHB_PCTL_R 4006652C

Symbol: GPIO_PORTQ_AHB_PCTL_R
   Definitions
      At line 58 in file gpio.s
   Uses
      At line 140 in file gpio.s
Comment: GPIO_PORTQ_AHB_PCTL_R used once



ARM Macro Assembler    Page 8 Alphabetic symbol ordering
Absolute symbols

GPIO_PORTQ_AHB_PUR_R 40066510

Symbol: GPIO_PORTQ_AHB_PUR_R
   Definitions
      At line 62 in file gpio.s
   Uses
      None
Comment: GPIO_PORTQ_AHB_PUR_R unused
SYSCTL_PRGPIO_R 400FEA08

Symbol: SYSCTL_PRGPIO_R
   Definitions
      At line 18 in file gpio.s
   Uses
      At line 110 in file gpio.s
Comment: SYSCTL_PRGPIO_R used once
SYSCTL_RCGCGPIO_R 400FE608

Symbol: SYSCTL_RCGCGPIO_R
   Definitions
      At line 17 in file gpio.s
   Uses
      At line 102 in file gpio.s
Comment: SYSCTL_RCGCGPIO_R used once
54 symbols
398 symbols in table
