


ARM Macro Assembler    Page 1 


    1 00000000         ; main.s
    2 00000000         ; Desenvolvido para a placa EK-TM4C1294XL
    3 00000000         ; Prof. Guilherme Peron
    4 00000000         ; Ver 1 19/03/2018
    5 00000000         ; Ver 2 26/08/2018
    6 00000000         ; Este programa deve esperar o usuário pressionar uma ch
                       ave.
    7 00000000         ; Caso o usuário pressione uma chave, um LED deve piscar
                        a cada 1 segundo.
    8 00000000         
    9 00000000         ; ------------------------------------------------------
                       -------------------------
   10 00000000                 THUMB                        ; Instruções do tip
                                                            o Thumb-2
   11 00000000         ; ------------------------------------------------------
                       -------------------------
   12 00000000         
   13 00000000         ; Declarações EQU - Defines
   14 00000000         ;<NOME>         EQU <VALOR>
   15 00000000         ; ========================
   16 00000000         ; Definições de Valores
   17 00000000         
   18 00000000         ; ------------------------------------------------------
                       -------------------------
   19 00000000         ; Área de Dados - Declarações de variáveis
   20 00000000                 AREA             DATA, ALIGN=2
   21 00000000         ; Se alguma variável for chamada em outro arquivo
   22 00000000         ;EXPORT  <var> [DATA,SIZE=<tam>]   ; Permite chamar a va
                       riável <var> a 
   23 00000000         ; partir de outro arquivo
   24 00000000         ;<var> SPACE <tam>                        ; Declara uma 
                       variável de nome <var>
   25 00000000         ; de <tam> bytes a partir da primeira 
   26 00000000         ; posição da RAM             
   27 00000000         ; ------------------------------------------------------
                       -------------------------
   28 00000000         ; Área de Código - Tudo abaixo da diretiva a seguir será
                        armazenado na memória de 
   29 00000000         ;                  código
   30 00000000                 AREA             |.text|, CODE, READONLY, ALIGN=
2
   31 00000000         
   32 00000000         ; Se alguma função do arquivo for chamada em outro arqui
                       vo 
   33 00000000                 EXPORT           Start       ; Permite chamar a 
                                                            função Start a part
                                                            ir de 
   34 00000000         ; outro arquivo. No caso startup.s
   35 00000000         
   36 00000000         ; Se chamar alguma função externa 
   37 00000000         ;IMPORT <func>              ; Permite chamar dentro dest
                       e arquivo uma 
   38 00000000         ; função <func>
   39 00000000                 IMPORT           PLL_Init
   40 00000000                 IMPORT           SysTick_Init
   41 00000000                 IMPORT           SysTick_Wait1ms
   42 00000000                 IMPORT           SysTick_Wait1us
   43 00000000                 IMPORT           GPIO_Init
   44 00000000                 IMPORT           PortA_Output



ARM Macro Assembler    Page 2 


   45 00000000                 IMPORT           PortB_Output
   46 00000000                 IMPORT           PortQ_Output
   47 00000000                 IMPORT           PortP_Output
   48 00000000                 IMPORT           PortM_Output
   49 00000000                 IMPORT           PortK_Output
   50 00000000                 IMPORT           PortL_Output
   51 00000000                 IMPORT           PortJ_Input
   52 00000000                 IMPORT           PortC_Input
   53 00000000         
   54 00000000 44 69 67 
              69 74 65 
              20 73 65 
              6E 68 61 
              00       Aberto  DCB              "Digite senha",0
   55 0000000D 43 6F 66 
              72 65 20 
              66 65 63 
              68 61 64 
              6F 00    Fechado DCB              "Cofre fechado",0
   56 0000001B 43 6F 66 
              72 65 20 
              66 65 63 
              68 61 6E 
              64 6F 00 Fechando
                               DCB              "Cofre fechando",0
   57 0000002A         
   58 0000002A         ; ------------------------------------------------------
                       -------------------------
   59 0000002A         ; Função main()
   60 0000002A         Start
   61 0000002A F7FF FFFE       BL               PLL_Init    ;Chama a subrotina 
                                                            para alterar o cloc
                                                            k do microcontrolad
                                                            or para 80MHz
   62 0000002E F7FF FFFE       BL               SysTick_Init ;Chama a subrotina
                                                             para inicializar o
                                                             SysTick
   63 00000032 F7FF FFFE       BL               GPIO_Init   ;Chama a subrotina 
                                                            que inicializa os G
                                                            PIO
   64 00000036         
   65 00000036         MainLoop
   66 00000036         ; ****************************************
   67 00000036 F000 F848       BL               inicializa_LCD
   68 0000003A 4DFA            LDR              R5, =Aberto
   69 0000003C F000 F8D9       BL               mostra_LCD
   70 00000040         apertou
   71 00000040 F000 F900       BL               verifica_teclado
   72 00000044 2F23            CMP              R7, #'#'
   73 00000046 D0FB            BEQ              apertou
   74 00000048 B480            PUSH             {R7}
   75 0000004A F000 F8FB       BL               verifica_teclado
   76 0000004E 2F23            CMP              R7, #'#'
   77 00000050 D0F6            BEQ              apertou
   78 00000052 B480            PUSH             {R7}
   79 00000054 F000 F8F6       BL               verifica_teclado
   80 00000058 2F23            CMP              R7, #'#'
   81 0000005A D0F1            BEQ              apertou
   82 0000005C B480            PUSH             {R7}



ARM Macro Assembler    Page 3 


   83 0000005E F000 F8F1       BL               verifica_teclado
   84 00000062 2F23            CMP              R7, #'#'
   85 00000064 D0EC            BEQ              apertou
   86 00000066 B480            PUSH             {R7}
   87 00000068 F000 F8EC       BL               verifica_teclado
   88 0000006C 2F23            CMP              R7, #'#'
   89 0000006E BF0C            ITE              EQ
   90 00000070 BF00            NOPEQ
   91 00000072 E7E5            BNE              apertou
   92 00000074 BC80            POP              {R7}
   93 00000076 46B9            MOV              R9, R7
   94 00000078 BC80            POP              {R7}
   95 0000007A 46BA            MOV              R10, R7
   96 0000007C BC80            POP              {R7}
   97 0000007E 46BB            MOV              R11, R7
   98 00000080 BC80            POP              {R7}
   99 00000082 46BC            MOV              R12, R7
  100 00000084 F44F 707A       MOV              R0, #1000
  101 00000088 F7FF FFFE       BL               SysTick_Wait1ms
  102 0000008C F000 F81D       BL               inicializa_LCD
  103 00000090 4DE5            LDR              R5, =Fechando
  104 00000092 F000 F8AE       BL               mostra_LCD
  105 00000096 F241 3088       MOV              R0, #5000
  106 0000009A F7FF FFFE       BL               SysTick_Wait1ms
  107 0000009E F000 F814       BL               inicializa_LCD
  108 000000A2 4DE2            LDR              R5, =Fechado
  109 000000A4 F000 F8A5       BL               mostra_LCD
  110 000000A8         apertou2
  111 000000A8 F000 F8CC       BL               verifica_teclado
  112 000000AC 4567            CMP              R7, R12
  113 000000AE D1FB            BNE              apertou2
  114 000000B0 F000 F8C8       BL               verifica_teclado
  115 000000B4 455F            CMP              R7, R11
  116 000000B6 D1F7            BNE              apertou2
  117 000000B8 F000 F8C4       BL               verifica_teclado
  118 000000BC 4557            CMP              R7, R10
  119 000000BE D1F3            BNE              apertou2
  120 000000C0 F000 F8C0       BL               verifica_teclado
  121 000000C4 454F            CMP              R7, R9
  122 000000C6 D1EF            BNE              apertou2
  123 000000C8 E7B5            B                MainLoop
  124 000000CA         
  125 000000CA         inicializa_LCD
  126 000000CA F04F 0038       MOV              R0, #0x38
  127 000000CE B500            PUSH             {LR}
  128 000000D0 F7FF FFFE       BL               PortK_Output
  129 000000D4 F85D EB04       POP              {LR}
  130 000000D8 F04F 0038       MOV              R0, #0x38
  131 000000DC B500            PUSH             {LR}
  132 000000DE F7FF FFFE       BL               PortK_Output
  133 000000E2 F85D EB04       POP              {LR}
  134 000000E6 F04F 0004       MOV              R0, #2_00000100
  135 000000EA B500            PUSH             {LR}
  136 000000EC F7FF FFFE       BL               PortM_Output
  137 000000F0 F85D EB04       POP              {LR}
  138 000000F4 F04F 000A       MOV              R0, #10
  139 000000F8 B500            PUSH             {LR}
  140 000000FA F7FF FFFE       BL               SysTick_Wait1us
  141 000000FE F85D EB04       POP              {LR}



ARM Macro Assembler    Page 4 


  142 00000102 F04F 0000       MOV              R0, #2_00000000
  143 00000106 B500            PUSH             {LR}
  144 00000108 F7FF FFFE       BL               PortM_Output
  145 0000010C F85D EB04       POP              {LR}
  146 00000110 F04F 0028       MOV              R0, #40
  147 00000114 B500            PUSH             {LR}
  148 00000116 F7FF FFFE       BL               SysTick_Wait1us
  149 0000011A F85D EB04       POP              {LR}
  150 0000011E F04F 0006       MOV              R0, #0x06
  151 00000122 B500            PUSH             {LR}
  152 00000124 F7FF FFFE       BL               PortK_Output
  153 00000128 F85D EB04       POP              {LR}
  154 0000012C F04F 0004       MOV              R0, #2_00000100
  155 00000130 B500            PUSH             {LR}
  156 00000132 F7FF FFFE       BL               PortM_Output
  157 00000136 F85D EB04       POP              {LR}
  158 0000013A F04F 000A       MOV              R0, #10
  159 0000013E B500            PUSH             {LR}
  160 00000140 F7FF FFFE       BL               SysTick_Wait1us
  161 00000144 F85D EB04       POP              {LR}
  162 00000148 F04F 0000       MOV              R0, #2_00000000
  163 0000014C B500            PUSH             {LR}
  164 0000014E F7FF FFFE       BL               PortM_Output
  165 00000152 F85D EB04       POP              {LR}
  166 00000156 F04F 0028       MOV              R0, #40
  167 0000015A B500            PUSH             {LR}
  168 0000015C F7FF FFFE       BL               SysTick_Wait1us
  169 00000160 F85D EB04       POP              {LR}
  170 00000164 F04F 000E       MOV              R0, #0x0E
  171 00000168 B500            PUSH             {LR}
  172 0000016A F7FF FFFE       BL               PortK_Output
  173 0000016E F85D EB04       POP              {LR}
  174 00000172 F04F 0004       MOV              R0, #2_00000100
  175 00000176 B500            PUSH             {LR}
  176 00000178 F7FF FFFE       BL               PortM_Output
  177 0000017C F85D EB04       POP              {LR}
  178 00000180 F04F 000A       MOV              R0, #10
  179 00000184 B500            PUSH             {LR}
  180 00000186 F7FF FFFE       BL               SysTick_Wait1us
  181 0000018A F85D EB04       POP              {LR}
  182 0000018E F04F 0000       MOV              R0, #2_00000000
  183 00000192 B500            PUSH             {LR}
  184 00000194 F7FF FFFE       BL               PortM_Output
  185 00000198 F85D EB04       POP              {LR}
  186 0000019C F04F 0028       MOV              R0, #40
  187 000001A0 B500            PUSH             {LR}
  188 000001A2 F7FF FFFE       BL               SysTick_Wait1us
  189 000001A6 F85D EB04       POP              {LR}
  190 000001AA F04F 0001       MOV              R0, #0x01
  191 000001AE B500            PUSH             {LR}
  192 000001B0 F7FF FFFE       BL               PortK_Output
  193 000001B4 F85D EB04       POP              {LR}
  194 000001B8 F04F 0004       MOV              R0, #2_00000100
  195 000001BC B500            PUSH             {LR}
  196 000001BE F7FF FFFE       BL               PortM_Output
  197 000001C2 F85D EB04       POP              {LR}
  198 000001C6 F04F 000A       MOV              R0, #10
  199 000001CA B500            PUSH             {LR}
  200 000001CC F7FF FFFE       BL               SysTick_Wait1us



ARM Macro Assembler    Page 5 


  201 000001D0 F85D EB04       POP              {LR}
  202 000001D4 F04F 0000       MOV              R0, #2_00000000
  203 000001D8 B500            PUSH             {LR}
  204 000001DA F7FF FFFE       BL               PortM_Output
  205 000001DE F85D EB04       POP              {LR}
  206 000001E2 F04F 00A4       MOV              R0, #164
  207 000001E6 B500            PUSH             {LR}
  208 000001E8 F7FF FFFE       BL               SysTick_Wait1us
  209 000001EC F85D EB04       POP              {LR}
  210 000001F0 4770            BX               LR
  211 000001F2         
  212 000001F2         mostra_LCD
  213 000001F2 F815 0B01       LDRB             R0, [R5], #1
  214 000001F6 4606            MOV              R6, R0
  215 000001F8 2E00            CMP              R6, #0
  216 000001FA BF08 4770       BXEQ             LR
  217 000001FE B500            PUSH             {LR}
  218 00000200 F7FF FFFE       BL               PortK_Output
  219 00000204 F85D EB04       POP              {LR}
  220 00000208 F04F 000A       MOV              R0, #10
  221 0000020C B500            PUSH             {LR}
  222 0000020E F7FF FFFE       BL               SysTick_Wait1ms
  223 00000212 F85D EB04       POP              {LR}
  224 00000216 F04F 0005       MOV              R0, #2_00000101
  225 0000021A B500            PUSH             {LR}
  226 0000021C F7FF FFFE       BL               PortM_Output
  227 00000220 F85D EB04       POP              {LR}
  228 00000224 F04F 0028       MOV              R0, #40
  229 00000228 B500            PUSH             {LR}
  230 0000022A F7FF FFFE       BL               SysTick_Wait1us
  231 0000022E F85D EB04       POP              {LR}
  232 00000232 F04F 0001       MOV              R0, #2_00000001
  233 00000236 B500            PUSH             {LR}
  234 00000238 F7FF FFFE       BL               PortM_Output
  235 0000023C F85D EB04       POP              {LR}
  236 00000240 2E00            CMP              R6, #0
  237 00000242 D1D6            BNE              mostra_LCD
  238 00000244         
  239 00000244         verifica_teclado
  240 00000244 F04F 000E       MOV              R0, #2_00001110
  241 00000248 B500            PUSH             {LR}
  242 0000024A F7FF FFFE       BL               PortL_Output
  243 0000024E F85D EB04       POP              {LR}
  244 00000252 F04F 0005       MOV              R0, #5
  245 00000256 B500            PUSH             {LR}
  246 00000258 F7FF FFFE       BL               SysTick_Wait1ms
  247 0000025C F85D EB04       POP              {LR}
  248 00000260 B500            PUSH             {LR}
  249 00000262 F7FF FFFE       BL               PortC_Input
  250 00000266 F85D EB04       POP              {LR}
  251 0000026A F020 000F       BIC              R0, #2_00001111
  252 0000026E 28E0            CMP              R0, #2_11100000
  253 00000270 D053            BEQ              Um
  254 00000272 28D0            CMP              R0, #2_11010000
  255 00000274 D05D            BEQ              Dois
  256 00000276 28B0            CMP              R0, #2_10110000
  257 00000278 D067            BEQ              Tres
  258 0000027A F04F 000D       MOV              R0, #2_00001101
  259 0000027E B500            PUSH             {LR}



ARM Macro Assembler    Page 6 


  260 00000280 F7FF FFFE       BL               PortL_Output
  261 00000284 F85D EB04       POP              {LR}
  262 00000288 F04F 0005       MOV              R0, #5
  263 0000028C B500            PUSH             {LR}
  264 0000028E F7FF FFFE       BL               SysTick_Wait1ms
  265 00000292 F85D EB04       POP              {LR}
  266 00000296 B500            PUSH             {LR}
  267 00000298 F7FF FFFE       BL               PortC_Input
  268 0000029C F85D EB04       POP              {LR}
  269 000002A0 F020 000F       BIC              R0, #2_00001111
  270 000002A4 28E0            CMP              R0, #2_11100000
  271 000002A6 D05C            BEQ              Quatro
  272 000002A8 28D0            CMP              R0, #2_11010000
  273 000002AA D066            BEQ              Cinco
  274 000002AC 28B0            CMP              R0, #2_10110000
  275 000002AE D070            BEQ              Seis
  276 000002B0 F04F 000B       MOV              R0, #2_00001011
  277 000002B4 B500            PUSH             {LR}
  278 000002B6 F7FF FFFE       BL               PortL_Output
  279 000002BA F85D EB04       POP              {LR}
  280 000002BE F04F 0005       MOV              R0, #5
  281 000002C2 B500            PUSH             {LR}
  282 000002C4 F7FF FFFE       BL               SysTick_Wait1ms
  283 000002C8 F85D EB04       POP              {LR}
  284 000002CC B500            PUSH             {LR}
  285 000002CE F7FF FFFE       BL               PortC_Input
  286 000002D2 F85D EB04       POP              {LR}
  287 000002D6 F020 000F       BIC              R0, #2_00001111
  288 000002DA 28E0            CMP              R0, #2_11100000
  289 000002DC D065            BEQ              Sete
  290 000002DE 28D0            CMP              R0, #2_11010000
  291 000002E0 D06F            BEQ              Oito
  292 000002E2 28B0            CMP              R0, #2_10110000
  293 000002E4 D079            BEQ              Nove
  294 000002E6 F04F 0007       MOV              R0, #2_00000111
  295 000002EA B500            PUSH             {LR}
  296 000002EC F7FF FFFE       BL               PortL_Output
  297 000002F0 F85D EB04       POP              {LR}
  298 000002F4 F04F 0005       MOV              R0, #5
  299 000002F8 B500            PUSH             {LR}
  300 000002FA F7FF FFFE       BL               SysTick_Wait1ms
  301 000002FE F85D EB04       POP              {LR}
  302 00000302 B500            PUSH             {LR}
  303 00000304 F7FF FFFE       BL               PortC_Input
  304 00000308 F85D EB04       POP              {LR}
  305 0000030C F020 000F       BIC              R0, #2_00001111
  306 00000310 28D0            CMP              R0, #2_11010000
  307 00000312 D06E            BEQ              Zero
  308 00000314 28B0            CMP              R0, #2_10110000
  309 00000316 D078            BEQ              Hash
  310 00000318 E794            B                verifica_teclado
  311 0000031A         Um
  312 0000031A B500            PUSH             {LR}
  313 0000031C F7FF FFFE       BL               PortC_Input
  314 00000320 F85D EB04       POP              {LR}
  315 00000324 F020 000F       BIC              R0, #2_00001111
  316 00000328 28F0            CMP              R0, #2_11110000
  317 0000032A D1F6            BNE              Um
  318 0000032C F04F 0701       MOV              R7, #1



ARM Macro Assembler    Page 7 


  319 00000330 4770            BX               LR
  320 00000332         Dois
  321 00000332 B500            PUSH             {LR}
  322 00000334 F7FF FFFE       BL               PortC_Input
  323 00000338 F85D EB04       POP              {LR}
  324 0000033C F020 000F       BIC              R0, #2_00001111
  325 00000340 28F0            CMP              R0, #2_11110000
  326 00000342 D1F6            BNE              Dois
  327 00000344 F04F 0702       MOV              R7, #2
  328 00000348 4770            BX               LR
  329 0000034A         Tres
  330 0000034A B500            PUSH             {LR}
  331 0000034C F7FF FFFE       BL               PortC_Input
  332 00000350 F85D EB04       POP              {LR}
  333 00000354 F020 000F       BIC              R0, #2_00001111
  334 00000358 28F0            CMP              R0, #2_11110000
  335 0000035A D1F6            BNE              Tres
  336 0000035C F04F 0703       MOV              R7, #3
  337 00000360 4770            BX               LR
  338 00000362         Quatro
  339 00000362 B500            PUSH             {LR}
  340 00000364 F7FF FFFE       BL               PortC_Input
  341 00000368 F85D EB04       POP              {LR}
  342 0000036C F020 000F       BIC              R0, #2_00001111
  343 00000370 28F0            CMP              R0, #2_11110000
  344 00000372 D1F6            BNE              Quatro
  345 00000374 F04F 0704       MOV              R7, #4
  346 00000378 4770            BX               LR
  347 0000037A         Cinco
  348 0000037A B500            PUSH             {LR}
  349 0000037C F7FF FFFE       BL               PortC_Input
  350 00000380 F85D EB04       POP              {LR}
  351 00000384 F020 000F       BIC              R0, #2_00001111
  352 00000388 28F0            CMP              R0, #2_11110000
  353 0000038A D1F6            BNE              Cinco
  354 0000038C F04F 0705       MOV              R7, #5
  355 00000390 4770            BX               LR
  356 00000392         Seis
  357 00000392 B500            PUSH             {LR}
  358 00000394 F7FF FFFE       BL               PortC_Input
  359 00000398 F85D EB04       POP              {LR}
  360 0000039C F020 000F       BIC              R0, #2_00001111
  361 000003A0 28F0            CMP              R0, #2_11110000
  362 000003A2 D1F6            BNE              Seis
  363 000003A4 F04F 0706       MOV              R7, #6
  364 000003A8 4770            BX               LR
  365 000003AA         Sete
  366 000003AA B500            PUSH             {LR}
  367 000003AC F7FF FFFE       BL               PortC_Input
  368 000003B0 F85D EB04       POP              {LR}
  369 000003B4 F020 000F       BIC              R0, #2_00001111
  370 000003B8 28F0            CMP              R0, #2_11110000
  371 000003BA D1F6            BNE              Sete
  372 000003BC F04F 0707       MOV              R7, #7
  373 000003C0 4770            BX               LR
  374 000003C2         Oito
  375 000003C2 B500            PUSH             {LR}
  376 000003C4 F7FF FFFE       BL               PortC_Input
  377 000003C8 F85D EB04       POP              {LR}



ARM Macro Assembler    Page 8 


  378 000003CC F020 000F       BIC              R0, #2_00001111
  379 000003D0 28F0            CMP              R0, #2_11110000
  380 000003D2 D1F6            BNE              Oito
  381 000003D4 F04F 0708       MOV              R7, #8
  382 000003D8 4770            BX               LR
  383 000003DA         Nove
  384 000003DA B500            PUSH             {LR}
  385 000003DC F7FF FFFE       BL               PortC_Input
  386 000003E0 F85D EB04       POP              {LR}
  387 000003E4 F020 000F       BIC              R0, #2_00001111
  388 000003E8 28F0            CMP              R0, #2_11110000
  389 000003EA D1F6            BNE              Nove
  390 000003EC F04F 0709       MOV              R7, #9
  391 000003F0 4770            BX               LR
  392 000003F2         Zero
  393 000003F2 B500            PUSH             {LR}
  394 000003F4 F7FF FFFE       BL               PortC_Input
  395 000003F8 F85D EB04       POP              {LR}
  396 000003FC F020 000F       BIC              R0, #2_00001111
  397 00000400 28F0            CMP              R0, #2_11110000
  398 00000402 D1F6            BNE              Zero
  399 00000404 F04F 0700       MOV              R7, #0
  400 00000408 4770            BX               LR
  401 0000040A         Hash
  402 0000040A B500            PUSH             {LR}
  403 0000040C F7FF FFFE       BL               PortC_Input
  404 00000410 F85D EB04       POP              {LR}
  405 00000414 F020 000F       BIC              R0, #2_00001111
  406 00000418 28F0            CMP              R0, #2_11110000
  407 0000041A D1F6            BNE              Hash
  408 0000041C F04F 0723       MOV              R7, #'#'
  409 00000420 4770            BX               LR
  410 00000422         ; ------------------------------------------------------
                       --------------------------------------------------------
                       -----------
  411 00000422         ; Fim do Arquivo
  412 00000422         ; ------------------------------------------------------
                       --------------------------------------------------------
                       ----------- 
  413 00000422 00 00           ALIGN                        ;Garante que o fim 
                                                            da seção está alinh
                                                            ada 
  414 00000424                 END                          ;Fim do arquivo
              00000000 
              00000000 
              00000000 
Command Line: --debug --xref --diag_suppress=9931 --cpu=Cortex-M4.fp --apcs=int
erwork --depend=.\objects\main.d -o.\objects\main.o -I.\RTE\_Target_1 -IC:\Keil
_v5\ARM\PACK\Keil\TM4C_DFP\1.1.0\Device\Include\TM4C129 -IC:\Keil_v5\ARM\CMSIS\
Include --predefine="__EVAL SETA 1" --predefine="__UVISION_VERSION SETA 526" --
predefine="TM4C1294NCPDT SETA 1" --list=.\listings\main.lst main.s



ARM Macro Assembler    Page 1 Alphabetic symbol ordering
Relocatable symbols

DATA 00000000

Symbol: DATA
   Definitions
      At line 20 in file main.s
   Uses
      None
Comment: DATA unused
1 symbol



ARM Macro Assembler    Page 1 Alphabetic symbol ordering
Relocatable symbols

.text 00000000

Symbol: .text
   Definitions
      At line 30 in file main.s
   Uses
      None
Comment: .text unused
Aberto 00000000

Symbol: Aberto
   Definitions
      At line 54 in file main.s
   Uses
      At line 68 in file main.s
Comment: Aberto used once
Cinco 0000037A

Symbol: Cinco
   Definitions
      At line 347 in file main.s
   Uses
      At line 273 in file main.s
      At line 353 in file main.s

Dois 00000332

Symbol: Dois
   Definitions
      At line 320 in file main.s
   Uses
      At line 255 in file main.s
      At line 326 in file main.s

Fechado 0000000D

Symbol: Fechado
   Definitions
      At line 55 in file main.s
   Uses
      At line 108 in file main.s
Comment: Fechado used once
Fechando 0000001B

Symbol: Fechando
   Definitions
      At line 56 in file main.s
   Uses
      At line 103 in file main.s
Comment: Fechando used once
Hash 0000040A

Symbol: Hash
   Definitions
      At line 401 in file main.s
   Uses
      At line 309 in file main.s
      At line 407 in file main.s




ARM Macro Assembler    Page 2 Alphabetic symbol ordering
Relocatable symbols

MainLoop 00000036

Symbol: MainLoop
   Definitions
      At line 65 in file main.s
   Uses
      At line 123 in file main.s
Comment: MainLoop used once
Nove 000003DA

Symbol: Nove
   Definitions
      At line 383 in file main.s
   Uses
      At line 293 in file main.s
      At line 389 in file main.s

Oito 000003C2

Symbol: Oito
   Definitions
      At line 374 in file main.s
   Uses
      At line 291 in file main.s
      At line 380 in file main.s

Quatro 00000362

Symbol: Quatro
   Definitions
      At line 338 in file main.s
   Uses
      At line 271 in file main.s
      At line 344 in file main.s

Seis 00000392

Symbol: Seis
   Definitions
      At line 356 in file main.s
   Uses
      At line 275 in file main.s
      At line 362 in file main.s

Sete 000003AA

Symbol: Sete
   Definitions
      At line 365 in file main.s
   Uses
      At line 289 in file main.s
      At line 371 in file main.s

Start 0000002A

Symbol: Start
   Definitions
      At line 60 in file main.s
   Uses



ARM Macro Assembler    Page 3 Alphabetic symbol ordering
Relocatable symbols

      At line 33 in file main.s
Comment: Start used once
Tres 0000034A

Symbol: Tres
   Definitions
      At line 329 in file main.s
   Uses
      At line 257 in file main.s
      At line 335 in file main.s

Um 0000031A

Symbol: Um
   Definitions
      At line 311 in file main.s
   Uses
      At line 253 in file main.s
      At line 317 in file main.s

Zero 000003F2

Symbol: Zero
   Definitions
      At line 392 in file main.s
   Uses
      At line 307 in file main.s
      At line 398 in file main.s

apertou 00000040

Symbol: apertou
   Definitions
      At line 70 in file main.s
   Uses
      At line 73 in file main.s
      At line 77 in file main.s
      At line 81 in file main.s
      At line 85 in file main.s
      At line 91 in file main.s

apertou2 000000A8

Symbol: apertou2
   Definitions
      At line 110 in file main.s
   Uses
      At line 113 in file main.s
      At line 116 in file main.s
      At line 119 in file main.s
      At line 122 in file main.s

inicializa_LCD 000000CA

Symbol: inicializa_LCD
   Definitions
      At line 125 in file main.s
   Uses
      At line 67 in file main.s



ARM Macro Assembler    Page 4 Alphabetic symbol ordering
Relocatable symbols

      At line 102 in file main.s
      At line 107 in file main.s

mostra_LCD 000001F2

Symbol: mostra_LCD
   Definitions
      At line 212 in file main.s
   Uses
      At line 69 in file main.s
      At line 104 in file main.s
      At line 109 in file main.s
      At line 237 in file main.s

verifica_teclado 00000244

Symbol: verifica_teclado
   Definitions
      At line 239 in file main.s
   Uses
      At line 71 in file main.s
      At line 75 in file main.s
      At line 79 in file main.s
      At line 83 in file main.s
      At line 87 in file main.s
      At line 111 in file main.s
      At line 114 in file main.s
      At line 117 in file main.s
      At line 120 in file main.s
      At line 310 in file main.s

22 symbols



ARM Macro Assembler    Page 1 Alphabetic symbol ordering
External symbols

GPIO_Init 00000000

Symbol: GPIO_Init
   Definitions
      At line 43 in file main.s
   Uses
      At line 63 in file main.s
Comment: GPIO_Init used once
PLL_Init 00000000

Symbol: PLL_Init
   Definitions
      At line 39 in file main.s
   Uses
      At line 61 in file main.s
Comment: PLL_Init used once
PortA_Output 00000000

Symbol: PortA_Output
   Definitions
      At line 44 in file main.s
   Uses
      None
Comment: PortA_Output unused
PortB_Output 00000000

Symbol: PortB_Output
   Definitions
      At line 45 in file main.s
   Uses
      None
Comment: PortB_Output unused
PortC_Input 00000000

Symbol: PortC_Input
   Definitions
      At line 52 in file main.s
   Uses
      At line 249 in file main.s
      At line 267 in file main.s
      At line 285 in file main.s
      At line 303 in file main.s
      At line 313 in file main.s
      At line 322 in file main.s
      At line 331 in file main.s
      At line 340 in file main.s
      At line 349 in file main.s
      At line 358 in file main.s
      At line 367 in file main.s
      At line 376 in file main.s
      At line 385 in file main.s
      At line 394 in file main.s
      At line 403 in file main.s

PortJ_Input 00000000

Symbol: PortJ_Input
   Definitions
      At line 51 in file main.s



ARM Macro Assembler    Page 2 Alphabetic symbol ordering
External symbols

   Uses
      None
Comment: PortJ_Input unused
PortK_Output 00000000

Symbol: PortK_Output
   Definitions
      At line 49 in file main.s
   Uses
      At line 128 in file main.s
      At line 132 in file main.s
      At line 152 in file main.s
      At line 172 in file main.s
      At line 192 in file main.s
      At line 218 in file main.s

PortL_Output 00000000

Symbol: PortL_Output
   Definitions
      At line 50 in file main.s
   Uses
      At line 242 in file main.s
      At line 260 in file main.s
      At line 278 in file main.s
      At line 296 in file main.s

PortM_Output 00000000

Symbol: PortM_Output
   Definitions
      At line 48 in file main.s
   Uses
      At line 136 in file main.s
      At line 144 in file main.s
      At line 156 in file main.s
      At line 164 in file main.s
      At line 176 in file main.s
      At line 184 in file main.s
      At line 196 in file main.s
      At line 204 in file main.s
      At line 226 in file main.s
      At line 234 in file main.s

PortP_Output 00000000

Symbol: PortP_Output
   Definitions
      At line 47 in file main.s
   Uses
      None
Comment: PortP_Output unused
PortQ_Output 00000000

Symbol: PortQ_Output
   Definitions
      At line 46 in file main.s
   Uses
      None



ARM Macro Assembler    Page 3 Alphabetic symbol ordering
External symbols

Comment: PortQ_Output unused
SysTick_Init 00000000

Symbol: SysTick_Init
   Definitions
      At line 40 in file main.s
   Uses
      At line 62 in file main.s
Comment: SysTick_Init used once
SysTick_Wait1ms 00000000

Symbol: SysTick_Wait1ms
   Definitions
      At line 41 in file main.s
   Uses
      At line 101 in file main.s
      At line 106 in file main.s
      At line 222 in file main.s
      At line 246 in file main.s
      At line 264 in file main.s
      At line 282 in file main.s
      At line 300 in file main.s

SysTick_Wait1us 00000000

Symbol: SysTick_Wait1us
   Definitions
      At line 42 in file main.s
   Uses
      At line 140 in file main.s
      At line 148 in file main.s
      At line 160 in file main.s
      At line 168 in file main.s
      At line 180 in file main.s
      At line 188 in file main.s
      At line 200 in file main.s
      At line 208 in file main.s
      At line 230 in file main.s

14 symbols
373 symbols in table
