


ARM Macro Assembler    Page 1 


    1 00000000         ; gpio.s
    2 00000000         ; Desenvolvido para a placa EK-TM4C1294XL
    3 00000000         ; Prof. Guilherme Peron
    4 00000000         ; Ver 1 19/03/2018
    5 00000000         ; Ver 2 26/08/2018
    6 00000000         
    7 00000000         ; ------------------------------------------------------
                       -------------------------
    8 00000000                 THUMB                        ; Instruções do tip
                                                            o Thumb-2
    9 00000000         ; ------------------------------------------------------
                       -------------------------
   10 00000000         ; Declarações EQU - Defines
   11 00000000         ; ========================
   12 00000000         ; Definições de Valores
   13 00000000 00000001 
                       BIT0    EQU              2_0001
   14 00000000 00000002 
                       BIT1    EQU              2_0010
   15 00000000         ; ========================
   16 00000000         ; Definições dos Registradores Gerais
   17 00000000 400FE608 
                       SYSCTL_RCGCGPIO_R
                               EQU              0x400FE608
   18 00000000 400FEA08 
                       SYSCTL_PRGPIO_R
                               EQU              0x400FEA08
   19 00000000 E000E104 
                       NVIC_EN1_R
                               EQU              0xE000E104  ; Enable 1 interrup
                                                            ções de de 32 a 63
   20 00000000 E000E430 
                       NVIC_PRI12_R
                               EQU              0xE000E430  ; Prioridade das in
                                                            terrupções de 48 a 
                                                            51
   21 00000000         ; ========================
   22 00000000         ; Definições dos Ports
   23 00000000         ; PORT A
   24 00000000 40058520 
                       GPIO_PORTA_AHB_LOCK_R
                               EQU              0x40058520
   25 00000000 40058524 
                       GPIO_PORTA_AHB_CR_R
                               EQU              0x40058524
   26 00000000 40058528 
                       GPIO_PORTA_AHB_AMSEL_R
                               EQU              0x40058528
   27 00000000 4005852C 
                       GPIO_PORTA_AHB_PCTL_R
                               EQU              0x4005852C
   28 00000000 40058400 
                       GPIO_PORTA_AHB_DIR_R
                               EQU              0x40058400
   29 00000000 40058420 
                       GPIO_PORTA_AHB_AFSEL_R
                               EQU              0x40058420
   30 00000000 4005851C 
                       GPIO_PORTA_AHB_DEN_R



ARM Macro Assembler    Page 2 


                               EQU              0x4005851C
   31 00000000 40058510 
                       GPIO_PORTA_AHB_PUR_R
                               EQU              0x40058510
   32 00000000 400583FC 
                       GPIO_PORTA_AHB_DATA_R
                               EQU              0x400583FC
   33 00000000 00000001 
                       GPIO_PORTA
                               EQU              2_000000000000001
   34 00000000         
   35 00000000         ; PORT E
   36 00000000 4005C520 
                       GPIO_PORTE_AHB_LOCK_R
                               EQU              0x4005C520
   37 00000000 4005C524 
                       GPIO_PORTE_AHB_CR_R
                               EQU              0x4005C524
   38 00000000 4005C528 
                       GPIO_PORTE_AHB_AMSEL_R
                               EQU              0x4005C528
   39 00000000 4005C52C 
                       GPIO_PORTE_AHB_PCTL_R
                               EQU              0x4005C52C
   40 00000000 4005C400 
                       GPIO_PORTE_AHB_DIR_R
                               EQU              0x4005C400
   41 00000000 4005C420 
                       GPIO_PORTE_AHB_AFSEL_R
                               EQU              0x4005C420
   42 00000000 4005C51C 
                       GPIO_PORTE_AHB_DEN_R
                               EQU              0x4005C51C
   43 00000000 4005C510 
                       GPIO_PORTE_AHB_PUR_R
                               EQU              0x4005C510
   44 00000000 4005C3FC 
                       GPIO_PORTE_AHB_DATA_R
                               EQU              0x4005C3FC
   45 00000000 00000010 
                       GPIO_PORTE
                               EQU              2_000000000010000
   46 00000000         
   47 00000000         ; PORT F
   48 00000000 4005D520 
                       GPIO_PORTF_AHB_LOCK_R
                               EQU              0x4005D520
   49 00000000 4005D524 
                       GPIO_PORTF_AHB_CR_R
                               EQU              0x4005D524
   50 00000000 4005D528 
                       GPIO_PORTF_AHB_AMSEL_R
                               EQU              0x4005D528
   51 00000000 4005D52C 
                       GPIO_PORTF_AHB_PCTL_R
                               EQU              0x4005D52C
   52 00000000 4005D400 
                       GPIO_PORTF_AHB_DIR_R
                               EQU              0x4005D400



ARM Macro Assembler    Page 3 


   53 00000000 4005D420 
                       GPIO_PORTF_AHB_AFSEL_R
                               EQU              0x4005D420
   54 00000000 4005D51C 
                       GPIO_PORTF_AHB_DEN_R
                               EQU              0x4005D51C
   55 00000000 4005D510 
                       GPIO_PORTF_AHB_PUR_R
                               EQU              0x4005D510
   56 00000000 4005D3FC 
                       GPIO_PORTF_AHB_DATA_R
                               EQU              0x4005D3FC
   57 00000000 00000020 
                       GPIO_PORTF
                               EQU              2_000000000100000
   58 00000000         
   59 00000000         ; PORT J
   60 00000000 40060520 
                       GPIO_PORTJ_AHB_LOCK_R
                               EQU              0x40060520
   61 00000000 40060524 
                       GPIO_PORTJ_AHB_CR_R
                               EQU              0x40060524
   62 00000000 40060528 
                       GPIO_PORTJ_AHB_AMSEL_R
                               EQU              0x40060528
   63 00000000 4006052C 
                       GPIO_PORTJ_AHB_PCTL_R
                               EQU              0x4006052C
   64 00000000 40060400 
                       GPIO_PORTJ_AHB_DIR_R
                               EQU              0x40060400
   65 00000000 40060420 
                       GPIO_PORTJ_AHB_AFSEL_R
                               EQU              0x40060420
   66 00000000 4006051C 
                       GPIO_PORTJ_AHB_DEN_R
                               EQU              0x4006051C
   67 00000000 40060510 
                       GPIO_PORTJ_AHB_PUR_R
                               EQU              0x40060510
   68 00000000 400603FC 
                       GPIO_PORTJ_AHB_DATA_R
                               EQU              0x400603FC
   69 00000000 00000100 
                       GPIO_PORTJ
                               EQU              2_000000100000000
   70 00000000         
   71 00000000         ; ------------------------------------------------------
                       -------------------------
   72 00000000         ; Área de Código - Tudo abaixo da diretiva a seguir será
                        armazenado na memória de 
   73 00000000         ;                  código
   74 00000000                 AREA             |.text|, CODE, READONLY, ALIGN=
2
   75 00000000         
   76 00000000         ; Se alguma função do arquivo for chamada em outro arqui
                       vo 
   77 00000000                 EXPORT           GPIO_Init   ; Permite chamar GP



ARM Macro Assembler    Page 4 


                                                            IO_Init de outro ar
                                                            quivo
   78 00000000                 EXPORT           PortA_Output ; Permite chamar P
                                                            ortA_Output de outr
                                                            o arquivo
   79 00000000                 EXPORT           PortE_Output ; Permite chamar P
                                                            ortE_Output de outr
                                                            o arquivo
   80 00000000                 EXPORT           PortF_Output ; Permite chamar P
                                                            ortF_Output de outr
                                                            o arquivo
   81 00000000                 EXPORT           PortJ_Input ; Permite chamar Po
                                                            rtJ_Input de outro 
                                                            arquivo 
   82 00000000         
   83 00000000                 IMPORT           SysTick_Init
   84 00000000                 IMPORT           SysTick_Wait1ms
   85 00000000                 IMPORT           SysTick_Wait1us
   86 00000000         
   87 00000000         ;-------------------------------------------------------
                       -------------------------
   88 00000000         ; Função GPIO_Init
   89 00000000         ; Parâmetro de entrada: Não tem
   90 00000000         ; Parâmetro de saída: Não tem
   91 00000000         GPIO_Init
   92 00000000         ;=====================
   93 00000000         ; ****************************************
   94 00000000         ; Escrever função de inicialização dos GPIO
   95 00000000         ; Inicializar as portas A, J, B, Q, e P
   96 00000000         ; ****************************************
   97 00000000 4839            LDR              R0, =SYSCTL_RCGCGPIO_R ;Carrega
                                                             o endereço do regi
                                                            strador RCGCGPIO
   98 00000002 F04F 0101       MOV              R1, #GPIO_PORTA ;Seta o bit da 
                                                            porta A
   99 00000006 F041 0110       ORR              R1, #GPIO_PORTE ;Seta o bit da 
                                                            porta E, fazendo co
                                                            m OR
  100 0000000A F041 0120       ORR              R1, #GPIO_PORTF ;Seta o bit da 
                                                            porta F, fazendo co
                                                            m OR
  101 0000000E F441 7180       ORR              R1, #GPIO_PORTJ ;Seta o bit da 
                                                            porta J, fazendo co
                                                            m OR
  102 00000012 6001            STR              R1, [R0]    ;Move para a memóri
                                                            a os bits das porta
                                                            s no endereço do RC
                                                            GCGPIO
  103 00000014         
  104 00000014 4835            LDR              R0, =SYSCTL_PRGPIO_R ;Carrega o
                                                             endereço do PRGPIO
                                                             para esperar os GP
                                                            IO ficarem prontos
  105 00000016         EsperaGPIO
  106 00000016 6801            LDR              R1, [R0]    ;Lê da memória o co
                                                            nteúdo do endereço 
                                                            do registrador
  107 00000018 F04F 0201       MOV              R2, #GPIO_PORTA ;Seta os bits c
                                                            orrespondentes às p



ARM Macro Assembler    Page 5 


                                                            ortas para fazer a 
                                                            comparação
  108 0000001C F042 0210       ORR              R2, #GPIO_PORTE ;Seta o bit da 
                                                            porta E, fazendo co
                                                            m OR
  109 00000020 F042 0220       ORR              R2, #GPIO_PORTF ;Seta o bit da 
                                                            porta F, fazendo co
                                                            m OR
  110 00000024 F442 7280       ORR              R2, #GPIO_PORTJ ;Seta o bit da 
                                                            porta J, fazendo co
                                                            m OR
  111 00000028 4211            TST              R1, R2      ;ANDS de R1 com R2
  112 0000002A D0F4            BEQ              EsperaGPIO  ;Se o flag Z=1, vol
                                                            ta para o laço. Sen
                                                            ão continua executa
                                                            ndo
  113 0000002C         
  114 0000002C F04F 0100       MOV              R1, #0x00   ;Colocar 0 no regis
                                                            trador para desabil
                                                            itar a função analó
                                                            gica
  115 00000030 482F            LDR              R0, =GPIO_PORTJ_AHB_AMSEL_R ;Ca
                                                            rrega o R0 com o en
                                                            dereço do AMSEL par
                                                            a a porta J
  116 00000032 6001            STR              R1, [R0]    ;Guarda no registra
                                                            dor AMSEL da porta 
                                                            J da memória
  117 00000034 482F            LDR              R0, =GPIO_PORTA_AHB_AMSEL_R ;Ca
                                                            rrega o R0 com o en
                                                            dereço do AMSEL par
                                                            a a porta A
  118 00000036 6001            STR              R1, [R0]    ;Guarda no registra
                                                            dor AMSEL da porta 
                                                            A da memória
  119 00000038 482F            LDR              R0, =GPIO_PORTE_AHB_AMSEL_R ;Ca
                                                            rrega o R0 com o en
                                                            dereço do AMSEL par
                                                            a a porta E
  120 0000003A 6001            STR              R1, [R0]    ;Guarda no registra
                                                            dor AMSEL da porta 
                                                            E da memória
  121 0000003C 482F            LDR              R0, =GPIO_PORTF_AHB_AMSEL_R ;Ca
                                                            rrega o R0 com o en
                                                            dereço do AMSEL par
                                                            a a porta F
  122 0000003E 6001            STR              R1, [R0]    ;Guarda no registra
                                                            dor AMSEL da porta 
                                                            F da memória
  123 00000040         
  124 00000040 F04F 0100       MOV              R1, #0x00   ;Colocar 0 no regis
                                                            trador para selecio
                                                            nar o modo GPIO
  125 00000044 482E            LDR              R0, =GPIO_PORTJ_AHB_PCTL_R ;Car
                                                            rega o R0 com o end
                                                            ereço do PCTL para 
                                                            a porta J
  126 00000046 6001            STR              R1, [R0]    ;Guarda no registra
                                                            dor PCTL da porta J



ARM Macro Assembler    Page 6 


                                                             da memória
  127 00000048 482E            LDR              R0, =GPIO_PORTA_AHB_PCTL_R ;Car
                                                            rega o R0 com o end
                                                            ereço do PCTL para 
                                                            a porta A
  128 0000004A 6001            STR              R1, [R0]    ;Guarda no registra
                                                            dor PCTL da porta A
                                                             da memória
  129 0000004C 482E            LDR              R0, =GPIO_PORTE_AHB_PCTL_R ;Car
                                                            rega o R0 com o end
                                                            ereço do PCTL para 
                                                            a porta E
  130 0000004E 6001            STR              R1, [R0]    ;Guarda no registra
                                                            dor PCTL da porta E
                                                             da memória
  131 00000050 482E            LDR              R0, =GPIO_PORTF_AHB_PCTL_R ;Car
                                                            rega o R0 com o end
                                                            ereço do PCTL para 
                                                            a porta F
  132 00000052 6001            STR              R1, [R0]    ;Guarda no registra
                                                            dor PCTL da porta F
                                                             da memória
  133 00000054         
  134 00000054 482E            LDR              R0, =GPIO_PORTE_AHB_DIR_R ;Carr
                                                            ega o R0 com o ende
                                                            reço do DIR para a 
                                                            porta E
  135 00000056 F04F 010F       MOV              R1, #2_00001111 ;PE0, PE1, PE2 
                                                            e PE3 para o SSD
  136 0000005A 6001            STR              R1, [R0]    ;Guarda no registra
                                                            dor
  137 0000005C         
  138 0000005C 482D            LDR              R0, =GPIO_PORTF_AHB_DIR_R ;Carr
                                                            ega o R0 com o ende
                                                            reço do DIR para a 
                                                            porta F
  139 0000005E F04F 0104       MOV              R1, #2_00000100 ;PF2 para o SSD
                                                            
  140 00000062 6001            STR              R1, [R0]    ;Guarda no registra
                                                            dor
  141 00000064         
  142 00000064 482C            LDR              R0, =GPIO_PORTA_AHB_DIR_R ;Carr
                                                            ega o R0 com o ende
                                                            reço do DIR para a 
                                                            porta A
  143 00000066 F04F 01F0       MOV              R1, #2_11110000 ;PA4, PA5, PA6 
                                                            e PA7 para o SSD
  144 0000006A 6001            STR              R1, [R0]    ;Guarda no registra
                                                            dor
  145 0000006C         
  146 0000006C 482B            LDR              R0, =GPIO_PORTJ_AHB_DIR_R ;Carr
                                                            ega o R0 com o ende
                                                            reço do DIR para a 
                                                            porta J
  147 0000006E F04F 0100       MOV              R1, #0x00   ;Colocar 0 no regis
                                                            trador DIR para fun
                                                            cionar com saída
  148 00000072 6001            STR              R1, [R0]    ;Guarda no registra
                                                            dor PCTL da porta J



ARM Macro Assembler    Page 7 


                                                             da memória
  149 00000074         
  150 00000074 F04F 0100       MOV              R1, #0x00   ;Colocar o valor 0 
                                                            para não setar funç
                                                            ão alternativa
  151 00000078 4829            LDR              R0, =GPIO_PORTA_AHB_AFSEL_R ;Ca
                                                            rrega o endereço do
                                                             AFSEL da porta A
  152 0000007A 6001            STR              R1, [R0]    ;Escreve na porta
  153 0000007C 4829            LDR              R0, =GPIO_PORTE_AHB_AFSEL_R ;Ca
                                                            rrega o endereço do
                                                             AFSEL da porta E
  154 0000007E 6001            STR              R1, [R0]    ;Escreve na porta
  155 00000080 4829            LDR              R0, =GPIO_PORTF_AHB_AFSEL_R ;Ca
                                                            rrega o endereço do
                                                             AFSEL da porta F
  156 00000082 6001            STR              R1, [R0]    ;Escreve na porta
  157 00000084 4829            LDR              R0, =GPIO_PORTJ_AHB_AFSEL_R ;Ca
                                                            rrega o endereço do
                                                             AFSEL da porta J
  158 00000086 6001            STR              R1, [R0]    ;Escreve na porta
  159 00000088         
  160 00000088 4829            LDR              R0, =GPIO_PORTA_AHB_DEN_R ;Carr
                                                            ega o endereço do D
                                                            EN
  161 0000008A F04F 01F0       MOV              R1, #2_11110000 ;Ativa os pinos
                                                             PA4, PA5, PA6 e PA
                                                            7 como I/O Digital
  162 0000008E 6001            STR              R1, [R0]    ;Escreve no registr
                                                            ador da memória fun
                                                            cionalidade digital
                                                            
  163 00000090         
  164 00000090 4828            LDR              R0, =GPIO_PORTE_AHB_DEN_R ;Carr
                                                            ega o endereço do D
                                                            EN
  165 00000092 F04F 010F       MOV              R1, #2_00001111 ;Ativa os pinos
                                                             PE0, PE1, PE2 e PE
                                                            3 como I/O Digital
  166 00000096 6001            STR              R1, [R0]    ;Escreve no registr
                                                            ador da memória fun
                                                            cionalidade digital
                                                            
  167 00000098         
  168 00000098 4827            LDR              R0, =GPIO_PORTF_AHB_DEN_R ;Carr
                                                            ega o endereço do D
                                                            EN
  169 0000009A F04F 0104       MOV              R1, #2_00000100 ;Ativa os pinos
                                                             PF2 como I/O Digit
                                                            al
  170 0000009E 6001            STR              R1, [R0]    ;Escreve no registr
                                                            ador da memória fun
                                                            cionalidade digital
                                                            
  171 000000A0         
  172 000000A0 4826            LDR              R0, =GPIO_PORTJ_AHB_DEN_R ;Carr
                                                            ega o endereço do D
                                                            EN
  173 000000A2 F04F 0103       MOV              R1, #2_00000011 ;Ativa os pinos



ARM Macro Assembler    Page 8 


                                                             PJ0 e PJ1 como I/O
                                                             Digital      
  174 000000A6 6001            STR              R1, [R0]    ;Escreve no registr
                                                            ador da memória fun
                                                            cionalidade digital
                                                            
  175 000000A8         
  176 000000A8 4825            LDR              R0, =GPIO_PORTJ_AHB_PUR_R ;Carr
                                                            ega o endereço do P
                                                            UR para a porta J
  177 000000AA F04F 0103       MOV              R1, #2_00000011 ;Habilitar func
                                                            ionalidade digital 
                                                            de resistor de pull
                                                            -up 
  178 000000AE         ;nos bits 0 e 1
  179 000000AE 6001            STR              R1, [R0]    ;Escreve no registr
                                                            ador da memória do 
                                                            resistor de pull-up
                                                            
  180 000000B0         
  181 000000B0 4770            BX               LR
  182 000000B2         ; ------------------------------------------------------
                       -------------------------
  183 000000B2         ; Função PortA_Output/
  184 000000B2         ; Parâmetro de entrada: 
  185 000000B2         ; Parâmetro de saída: Não tem
  186 000000B2         PortA_Output
  187 000000B2         ; ****************************************
  188 000000B2         ; Escrever função que acende ou apaga os segmentos do SS
                       D
  189 000000B2         ; ****************************************
  190 000000B2 4924            LDR              R1, =GPIO_PORTA_AHB_DATA_R ;Car
                                                            rega o valor do off
                                                            set do data registe
                                                            r
  191 000000B4         ;Read-Modify-Write para escrita
  192 000000B4 680A            LDR              R2, [R1]
  193 000000B6 F022 02F0       BIC              R2, #2_11110000 ;Primeiro limpa
                                                            mos os quatro bits 
                                                            do lido da porta R2
                                                             = R2 & 00001111
  194 000000BA EA40 0002       ORR              R0, R0, R2  ;Fazer o OR do lido
                                                             pela porta com o p
                                                            arâmetro de entrada
                                                            
  195 000000BE 6008            STR              R0, [R1]    ;Escreve na porta A
                                                             o barramento de da
                                                            dos dos pinos A4, A
                                                            5, A6 e A7
  196 000000C0 4770            BX               LR          ;Retorno
  197 000000C2         ; ------------------------------------------------------
                       -------------------------
  198 000000C2         ; Função PortE_Output/
  199 000000C2         ; Parâmetro de entrada: 
  200 000000C2         ; Parâmetro de saída: Não tem
  201 000000C2         PortE_Output
  202 000000C2         ; ****************************************
  203 000000C2         ; Escrever função que acende ou apaga os segmentos do SS
                       D



ARM Macro Assembler    Page 9 


  204 000000C2         ; ****************************************
  205 000000C2 4921            LDR              R1, =GPIO_PORTE_AHB_DATA_R ;Car
                                                            rega o valor do off
                                                            set do data registe
                                                            r
  206 000000C4         ;Read-Modify-Write para escrita
  207 000000C4 680A            LDR              R2, [R1]
  208 000000C6 F022 020F       BIC              R2, #2_00001111 ;Primeiro limpa
                                                            mos os quatro bits 
                                                            do lido da porta R2
                                                             = R2 & 11110000
  209 000000CA EA40 0002       ORR              R0, R0, R2  ;Fazer o OR do lido
                                                             pela porta com o p
                                                            arâmetro de entrada
                                                            
  210 000000CE 6008            STR              R0, [R1]    ;Escreve na porta E
                                                             o barramento de da
                                                            dos dos pinos E0, E
                                                            1, E2 e E3
  211 000000D0 4770            BX               LR          ;Retorno
  212 000000D2         ; ------------------------------------------------------
                       -------------------------
  213 000000D2         ; Função PortF_Output/
  214 000000D2         ; Parâmetro de entrada: 
  215 000000D2         ; Parâmetro de saída: Não tem
  216 000000D2         PortF_Output
  217 000000D2         ; ****************************************
  218 000000D2         ; Escrever função que acende ou apaga os segmentos do SS
                       D
  219 000000D2         ; ****************************************
  220 000000D2 491E            LDR              R1, =GPIO_PORTF_AHB_DATA_R ;Car
                                                            rega o valor do off
                                                            set do data registe
                                                            r
  221 000000D4         ;Read-Modify-Write para escrita
  222 000000D4 680A            LDR              R2, [R1]
  223 000000D6 F022 0204       BIC              R2, #2_00000100 ;Primeiro limpa
                                                            mos os quatro bits 
                                                            do lido da porta R2
                                                             = R2 & 11111011
  224 000000DA EA40 0002       ORR              R0, R0, R2  ;Fazer o OR do lido
                                                             pela porta com o p
                                                            arâmetro de entrada
                                                            
  225 000000DE 6008            STR              R0, [R1]    ;Escreve na porta A
                                                             o barramento de da
                                                            dos dos pinos F2
  226 000000E0 4770            BX               LR          ;Retorno
  227 000000E2         ; ------------------------------------------------------
                       -------------------------
  228 000000E2         ; Função PortJ_Input
  229 000000E2         ; Parâmetro de entrada: Não tem
  230 000000E2         ; Parâmetro de saída: R0 --> o valor da leitura
  231 000000E2         PortJ_Input
  232 000000E2         ; ****************************************
  233 000000E2         ; Escrever função que lê a chave e retorna 
  234 000000E2         ; um registrador se está ativada ou não
  235 000000E2         ; ****************************************
  236 000000E2 491B            LDR              R1, =GPIO_PORTJ_AHB_DATA_R ;Car



ARM Macro Assembler    Page 10 


                                                            rega o valor do off
                                                            set do data registe
                                                            r
  237 000000E4 6808            LDR              R0, [R1]    ;Lê no barramento d
                                                            e dados dos pinos [
                                                            J1-J0]
  238 000000E6 4770            BX               LR          ;Retorno
  239 000000E8         
  240 000000E8                 ALIGN                        ; garante que o fim
                                                             da seção está alin
                                                            hada 
  241 000000E8                 END                          ; fim do arquivo
              400FE608 
              400FEA08 
              40060528 
              40058528 
              4005C528 
              4005D528 
              4006052C 
              4005852C 
              4005C52C 
              4005D52C 
              4005C400 
              4005D400 
              40058400 
              40060400 
              40058420 
              4005C420 
              4005D420 
              40060420 
              4005851C 
              4005C51C 
              4005D51C 
              4006051C 
              40060510 
              400583FC 
              4005C3FC 
              4005D3FC 
              400603FC 
Command Line: --debug --xref --diag_suppress=9931 --cpu=Cortex-M4.fp --apcs=int
erwork --depend=.\objects\gpio.d -o.\objects\gpio.o -I.\RTE\_Target_1 -IC:\Keil
_v5\ARM\PACK\Keil\TM4C_DFP\1.1.0\Device\Include\TM4C129 -IC:\Keil_v5\ARM\CMSIS\
Include --predefine="__EVAL SETA 1" --predefine="__UVISION_VERSION SETA 526" --
predefine="TM4C1294NCPDT SETA 1" --list=.\listings\gpio.lst gpio.s



ARM Macro Assembler    Page 1 Alphabetic symbol ordering
Relocatable symbols

.text 00000000

Symbol: .text
   Definitions
      At line 74 in file gpio.s
   Uses
      None
Comment: .text unused
EsperaGPIO 00000016

Symbol: EsperaGPIO
   Definitions
      At line 105 in file gpio.s
   Uses
      At line 112 in file gpio.s
Comment: EsperaGPIO used once
GPIO_Init 00000000

Symbol: GPIO_Init
   Definitions
      At line 91 in file gpio.s
   Uses
      At line 77 in file gpio.s
Comment: GPIO_Init used once
PortA_Output 000000B2

Symbol: PortA_Output
   Definitions
      At line 186 in file gpio.s
   Uses
      At line 78 in file gpio.s
Comment: PortA_Output used once
PortE_Output 000000C2

Symbol: PortE_Output
   Definitions
      At line 201 in file gpio.s
   Uses
      At line 79 in file gpio.s
Comment: PortE_Output used once
PortF_Output 000000D2

Symbol: PortF_Output
   Definitions
      At line 216 in file gpio.s
   Uses
      At line 80 in file gpio.s
Comment: PortF_Output used once
PortJ_Input 000000E2

Symbol: PortJ_Input
   Definitions
      At line 231 in file gpio.s
   Uses
      At line 81 in file gpio.s
Comment: PortJ_Input used once
7 symbols



ARM Macro Assembler    Page 1 Alphabetic symbol ordering
Absolute symbols

BIT0 00000001

Symbol: BIT0
   Definitions
      At line 13 in file gpio.s
   Uses
      None
Comment: BIT0 unused
BIT1 00000002

Symbol: BIT1
   Definitions
      At line 14 in file gpio.s
   Uses
      None
Comment: BIT1 unused
GPIO_PORTA 00000001

Symbol: GPIO_PORTA
   Definitions
      At line 33 in file gpio.s
   Uses
      At line 98 in file gpio.s
      At line 107 in file gpio.s

GPIO_PORTA_AHB_AFSEL_R 40058420

Symbol: GPIO_PORTA_AHB_AFSEL_R
   Definitions
      At line 29 in file gpio.s
   Uses
      At line 151 in file gpio.s
Comment: GPIO_PORTA_AHB_AFSEL_R used once
GPIO_PORTA_AHB_AMSEL_R 40058528

Symbol: GPIO_PORTA_AHB_AMSEL_R
   Definitions
      At line 26 in file gpio.s
   Uses
      At line 117 in file gpio.s
Comment: GPIO_PORTA_AHB_AMSEL_R used once
GPIO_PORTA_AHB_CR_R 40058524

Symbol: GPIO_PORTA_AHB_CR_R
   Definitions
      At line 25 in file gpio.s
   Uses
      None
Comment: GPIO_PORTA_AHB_CR_R unused
GPIO_PORTA_AHB_DATA_R 400583FC

Symbol: GPIO_PORTA_AHB_DATA_R
   Definitions
      At line 32 in file gpio.s
   Uses
      At line 190 in file gpio.s
Comment: GPIO_PORTA_AHB_DATA_R used once
GPIO_PORTA_AHB_DEN_R 4005851C




ARM Macro Assembler    Page 2 Alphabetic symbol ordering
Absolute symbols

Symbol: GPIO_PORTA_AHB_DEN_R
   Definitions
      At line 30 in file gpio.s
   Uses
      At line 160 in file gpio.s
Comment: GPIO_PORTA_AHB_DEN_R used once
GPIO_PORTA_AHB_DIR_R 40058400

Symbol: GPIO_PORTA_AHB_DIR_R
   Definitions
      At line 28 in file gpio.s
   Uses
      At line 142 in file gpio.s
Comment: GPIO_PORTA_AHB_DIR_R used once
GPIO_PORTA_AHB_LOCK_R 40058520

Symbol: GPIO_PORTA_AHB_LOCK_R
   Definitions
      At line 24 in file gpio.s
   Uses
      None
Comment: GPIO_PORTA_AHB_LOCK_R unused
GPIO_PORTA_AHB_PCTL_R 4005852C

Symbol: GPIO_PORTA_AHB_PCTL_R
   Definitions
      At line 27 in file gpio.s
   Uses
      At line 127 in file gpio.s
Comment: GPIO_PORTA_AHB_PCTL_R used once
GPIO_PORTA_AHB_PUR_R 40058510

Symbol: GPIO_PORTA_AHB_PUR_R
   Definitions
      At line 31 in file gpio.s
   Uses
      None
Comment: GPIO_PORTA_AHB_PUR_R unused
GPIO_PORTE 00000010

Symbol: GPIO_PORTE
   Definitions
      At line 45 in file gpio.s
   Uses
      At line 99 in file gpio.s
      At line 108 in file gpio.s

GPIO_PORTE_AHB_AFSEL_R 4005C420

Symbol: GPIO_PORTE_AHB_AFSEL_R
   Definitions
      At line 41 in file gpio.s
   Uses
      At line 153 in file gpio.s
Comment: GPIO_PORTE_AHB_AFSEL_R used once
GPIO_PORTE_AHB_AMSEL_R 4005C528

Symbol: GPIO_PORTE_AHB_AMSEL_R
   Definitions



ARM Macro Assembler    Page 3 Alphabetic symbol ordering
Absolute symbols

      At line 38 in file gpio.s
   Uses
      At line 119 in file gpio.s
Comment: GPIO_PORTE_AHB_AMSEL_R used once
GPIO_PORTE_AHB_CR_R 4005C524

Symbol: GPIO_PORTE_AHB_CR_R
   Definitions
      At line 37 in file gpio.s
   Uses
      None
Comment: GPIO_PORTE_AHB_CR_R unused
GPIO_PORTE_AHB_DATA_R 4005C3FC

Symbol: GPIO_PORTE_AHB_DATA_R
   Definitions
      At line 44 in file gpio.s
   Uses
      At line 205 in file gpio.s
Comment: GPIO_PORTE_AHB_DATA_R used once
GPIO_PORTE_AHB_DEN_R 4005C51C

Symbol: GPIO_PORTE_AHB_DEN_R
   Definitions
      At line 42 in file gpio.s
   Uses
      At line 164 in file gpio.s
Comment: GPIO_PORTE_AHB_DEN_R used once
GPIO_PORTE_AHB_DIR_R 4005C400

Symbol: GPIO_PORTE_AHB_DIR_R
   Definitions
      At line 40 in file gpio.s
   Uses
      At line 134 in file gpio.s
Comment: GPIO_PORTE_AHB_DIR_R used once
GPIO_PORTE_AHB_LOCK_R 4005C520

Symbol: GPIO_PORTE_AHB_LOCK_R
   Definitions
      At line 36 in file gpio.s
   Uses
      None
Comment: GPIO_PORTE_AHB_LOCK_R unused
GPIO_PORTE_AHB_PCTL_R 4005C52C

Symbol: GPIO_PORTE_AHB_PCTL_R
   Definitions
      At line 39 in file gpio.s
   Uses
      At line 129 in file gpio.s
Comment: GPIO_PORTE_AHB_PCTL_R used once
GPIO_PORTE_AHB_PUR_R 4005C510

Symbol: GPIO_PORTE_AHB_PUR_R
   Definitions
      At line 43 in file gpio.s
   Uses
      None



ARM Macro Assembler    Page 4 Alphabetic symbol ordering
Absolute symbols

Comment: GPIO_PORTE_AHB_PUR_R unused
GPIO_PORTF 00000020

Symbol: GPIO_PORTF
   Definitions
      At line 57 in file gpio.s
   Uses
      At line 100 in file gpio.s
      At line 109 in file gpio.s

GPIO_PORTF_AHB_AFSEL_R 4005D420

Symbol: GPIO_PORTF_AHB_AFSEL_R
   Definitions
      At line 53 in file gpio.s
   Uses
      At line 155 in file gpio.s
Comment: GPIO_PORTF_AHB_AFSEL_R used once
GPIO_PORTF_AHB_AMSEL_R 4005D528

Symbol: GPIO_PORTF_AHB_AMSEL_R
   Definitions
      At line 50 in file gpio.s
   Uses
      At line 121 in file gpio.s
Comment: GPIO_PORTF_AHB_AMSEL_R used once
GPIO_PORTF_AHB_CR_R 4005D524

Symbol: GPIO_PORTF_AHB_CR_R
   Definitions
      At line 49 in file gpio.s
   Uses
      None
Comment: GPIO_PORTF_AHB_CR_R unused
GPIO_PORTF_AHB_DATA_R 4005D3FC

Symbol: GPIO_PORTF_AHB_DATA_R
   Definitions
      At line 56 in file gpio.s
   Uses
      At line 220 in file gpio.s
Comment: GPIO_PORTF_AHB_DATA_R used once
GPIO_PORTF_AHB_DEN_R 4005D51C

Symbol: GPIO_PORTF_AHB_DEN_R
   Definitions
      At line 54 in file gpio.s
   Uses
      At line 168 in file gpio.s
Comment: GPIO_PORTF_AHB_DEN_R used once
GPIO_PORTF_AHB_DIR_R 4005D400

Symbol: GPIO_PORTF_AHB_DIR_R
   Definitions
      At line 52 in file gpio.s
   Uses
      At line 138 in file gpio.s
Comment: GPIO_PORTF_AHB_DIR_R used once
GPIO_PORTF_AHB_LOCK_R 4005D520



ARM Macro Assembler    Page 5 Alphabetic symbol ordering
Absolute symbols


Symbol: GPIO_PORTF_AHB_LOCK_R
   Definitions
      At line 48 in file gpio.s
   Uses
      None
Comment: GPIO_PORTF_AHB_LOCK_R unused
GPIO_PORTF_AHB_PCTL_R 4005D52C

Symbol: GPIO_PORTF_AHB_PCTL_R
   Definitions
      At line 51 in file gpio.s
   Uses
      At line 131 in file gpio.s
Comment: GPIO_PORTF_AHB_PCTL_R used once
GPIO_PORTF_AHB_PUR_R 4005D510

Symbol: GPIO_PORTF_AHB_PUR_R
   Definitions
      At line 55 in file gpio.s
   Uses
      None
Comment: GPIO_PORTF_AHB_PUR_R unused
GPIO_PORTJ 00000100

Symbol: GPIO_PORTJ
   Definitions
      At line 69 in file gpio.s
   Uses
      At line 101 in file gpio.s
      At line 110 in file gpio.s

GPIO_PORTJ_AHB_AFSEL_R 40060420

Symbol: GPIO_PORTJ_AHB_AFSEL_R
   Definitions
      At line 65 in file gpio.s
   Uses
      At line 157 in file gpio.s
Comment: GPIO_PORTJ_AHB_AFSEL_R used once
GPIO_PORTJ_AHB_AMSEL_R 40060528

Symbol: GPIO_PORTJ_AHB_AMSEL_R
   Definitions
      At line 62 in file gpio.s
   Uses
      At line 115 in file gpio.s
Comment: GPIO_PORTJ_AHB_AMSEL_R used once
GPIO_PORTJ_AHB_CR_R 40060524

Symbol: GPIO_PORTJ_AHB_CR_R
   Definitions
      At line 61 in file gpio.s
   Uses
      None
Comment: GPIO_PORTJ_AHB_CR_R unused
GPIO_PORTJ_AHB_DATA_R 400603FC

Symbol: GPIO_PORTJ_AHB_DATA_R



ARM Macro Assembler    Page 6 Alphabetic symbol ordering
Absolute symbols

   Definitions
      At line 68 in file gpio.s
   Uses
      At line 236 in file gpio.s
Comment: GPIO_PORTJ_AHB_DATA_R used once
GPIO_PORTJ_AHB_DEN_R 4006051C

Symbol: GPIO_PORTJ_AHB_DEN_R
   Definitions
      At line 66 in file gpio.s
   Uses
      At line 172 in file gpio.s
Comment: GPIO_PORTJ_AHB_DEN_R used once
GPIO_PORTJ_AHB_DIR_R 40060400

Symbol: GPIO_PORTJ_AHB_DIR_R
   Definitions
      At line 64 in file gpio.s
   Uses
      At line 146 in file gpio.s
Comment: GPIO_PORTJ_AHB_DIR_R used once
GPIO_PORTJ_AHB_LOCK_R 40060520

Symbol: GPIO_PORTJ_AHB_LOCK_R
   Definitions
      At line 60 in file gpio.s
   Uses
      None
Comment: GPIO_PORTJ_AHB_LOCK_R unused
GPIO_PORTJ_AHB_PCTL_R 4006052C

Symbol: GPIO_PORTJ_AHB_PCTL_R
   Definitions
      At line 63 in file gpio.s
   Uses
      At line 125 in file gpio.s
Comment: GPIO_PORTJ_AHB_PCTL_R used once
GPIO_PORTJ_AHB_PUR_R 40060510

Symbol: GPIO_PORTJ_AHB_PUR_R
   Definitions
      At line 67 in file gpio.s
   Uses
      At line 176 in file gpio.s
Comment: GPIO_PORTJ_AHB_PUR_R used once
NVIC_EN1_R E000E104

Symbol: NVIC_EN1_R
   Definitions
      At line 19 in file gpio.s
   Uses
      None
Comment: NVIC_EN1_R unused
NVIC_PRI12_R E000E430

Symbol: NVIC_PRI12_R
   Definitions
      At line 20 in file gpio.s
   Uses



ARM Macro Assembler    Page 7 Alphabetic symbol ordering
Absolute symbols

      None
Comment: NVIC_PRI12_R unused
SYSCTL_PRGPIO_R 400FEA08

Symbol: SYSCTL_PRGPIO_R
   Definitions
      At line 18 in file gpio.s
   Uses
      At line 104 in file gpio.s
Comment: SYSCTL_PRGPIO_R used once
SYSCTL_RCGCGPIO_R 400FE608

Symbol: SYSCTL_RCGCGPIO_R
   Definitions
      At line 17 in file gpio.s
   Uses
      At line 97 in file gpio.s
Comment: SYSCTL_RCGCGPIO_R used once
46 symbols



ARM Macro Assembler    Page 1 Alphabetic symbol ordering
External symbols

SysTick_Init 00000000

Symbol: SysTick_Init
   Definitions
      At line 83 in file gpio.s
   Uses
      None
Comment: SysTick_Init unused
SysTick_Wait1ms 00000000

Symbol: SysTick_Wait1ms
   Definitions
      At line 84 in file gpio.s
   Uses
      None
Comment: SysTick_Wait1ms unused
SysTick_Wait1us 00000000

Symbol: SysTick_Wait1us
   Definitions
      At line 85 in file gpio.s
   Uses
      None
Comment: SysTick_Wait1us unused
3 symbols
392 symbols in table
