


ARM Macro Assembler    Page 1 


    1 00000000         ; main.s
    2 00000000         ; Desenvolvido para a placa EK-TM4C1294XL
    3 00000000         ; Prof. Guilherme Peron
    4 00000000         ; Ver 1 19/03/2018
    5 00000000         ; Ver 2 26/08/2018
    6 00000000         ; Este programa deve esperar o usuário pressionar uma ch
                       ave.
    7 00000000         ; Caso o usuário pressione uma chave, um LED deve piscar
                        a cada 1 segundo.
    8 00000000         
    9 00000000         ; ------------------------------------------------------
                       -------------------------
   10 00000000                 THUMB                        ; Instruções do tip
                                                            o Thumb-2
   11 00000000         ; ------------------------------------------------------
                       -------------------------
   12 00000000         
   13 00000000         ; Declarações EQU - Defines
   14 00000000         ;<NOME>         EQU <VALOR>
   15 00000000         ; ========================
   16 00000000         ; Definições de Valores
   17 00000000         
   18 00000000         
   19 00000000         ; ------------------------------------------------------
                       -------------------------
   20 00000000         ; Área de Dados - Declarações de variáveis
   21 00000000                 AREA             DATA, ALIGN=2
   22 00000000         ; Se alguma variável for chamada em outro arquivo
   23 00000000         ;EXPORT  <var> [DATA,SIZE=<tam>]   ; Permite chamar a va
                       riável <var> a 
   24 00000000         ; partir de outro arquivo
   25 00000000         ;<var> SPACE <tam>                        ; Declara uma 
                       variável de nome <var>
   26 00000000         ; de <tam> bytes a partir da primeira 
   27 00000000         ; posição da RAM  
   28 00000000         
   29 00000000         ; ------------------------------------------------------
                       -------------------------
   30 00000000         ; Área de Código - Tudo abaixo da diretiva a seguir será
                        armazenado na memória de 
   31 00000000         ;                  código
   32 00000000                 AREA             |.text|, CODE, READONLY, ALIGN=
2
   33 00000000         
   34 00000000         ; Se alguma função do arquivo for chamada em outro arqui
                       vo 
   35 00000000                 EXPORT           Start       ; Permite chamar a 
                                                            função Start a part
                                                            ir de 
   36 00000000         ; outro arquivo. No caso startup.s
   37 00000000         
   38 00000000         ; Se chamar alguma função externa 
   39 00000000         ;IMPORT <func>              ; Permite chamar dentro dest
                       e arquivo uma 
   40 00000000         ; função <func>
   41 00000000                 IMPORT           PLL_Init
   42 00000000                 IMPORT           SysTick_Init
   43 00000000                 IMPORT           SysTick_Wait1ms
   44 00000000                 IMPORT           GPIO_Init



ARM Macro Assembler    Page 2 


   45 00000000                 IMPORT           PortA_Output
   46 00000000                 IMPORT           PortB_Output
   47 00000000                 IMPORT           PortQ_Output
   48 00000000                 IMPORT           PortP_Output
   49 00000000                 IMPORT           PortJ_Input
   50 00000000         
   51 00000000         
   52 00000000         ; ------------------------------------------------------
                       -------------------------
   53 00000000         ; Função main()
   54 00000000         Start
   55 00000000 F7FF FFFE       BL               PLL_Init    ;Chama a subrotina 
                                                            para alterar o cloc
                                                            k do microcontrolad
                                                            or para 80MHz
   56 00000004 F7FF FFFE       BL               SysTick_Init ;Chama a subrotina
                                                             para inicializar o
                                                             SysTick
   57 00000008 F7FF FFFE       BL               GPIO_Init   ;Chama a subrotina 
                                                            que inicializa os G
                                                            PIO
   58 0000000C         
   59 0000000C         MainLoop
   60 0000000C         ; ****************************************
   61 0000000C         ; Escrever código que lê o estado da chave, se ela estiv
                       er desativada apaga o LED
   62 0000000C         ; Se estivar ativada chama a subrotina Pisca_LED
   63 0000000C         ; ****************************************
   64 0000000C F04F 0000       MOV              R0, #0
   65 00000010 F7FF FFFE       BL               PortA_Output
   66 00000014 F7FF FFFE       BL               PortQ_Output
   67 00000018 F7FF FFFE       BL               PortB_Output
   68 0000001C F7FF FFFE       BL               PortP_Output
   69 00000020 F04F 0901       MOV              R9, #1
   70 00000024 F04F 0701       MOV              R7, #1
   71 00000028         MantemContagem
   72 00000028 F04F 0B00       MOV              R11, #0
   73 0000002C F04F 0800       MOV              R8, #0
   74 00000030 F04F 0000       MOV              R0, #0
   75 00000034 F7FF FFFE       BL               PortB_Output
   76 00000038 F04F 0005       MOV              R0, #5
   77 0000003C F7FF FFFE       BL               SysTick_Wait1ms
   78 00000040 F000 F82E       BL               SSD
   79 00000044 F04F 0463       MOV              R4, #99
   80 00000048 F04F 0C0F       MOV              R12, #15
   81 0000004C         MantemLED
   82 0000004C F04F 0B00       MOV              R11, #0
   83 00000050         Conta
   84 00000050 EB1B 0B07       ADDS             R11, R7
   85 00000054 45E3            CMP              R11, R12
   86 00000056 DCF9            BGT              MantemLED
   87 00000058 EB18 0809       ADDS             R8, R9
   88 0000005C 45A0            CMP              R8, R4
   89 0000005E DCE3            BGT              MantemContagem
   90 00000060 F04F 0005       MOV              R0, #5
   91 00000064 F7FF FFFE       BL               SysTick_Wait1ms
   92 00000068 F000 F81A       BL               SSD
   93 0000006C         Verifica_SW1
   94 0000006C F7FF FFFE       BL               PortJ_Input



ARM Macro Assembler    Page 3 


   95 00000070 2802            CMP              R0, #2_00000010
   96 00000072 D102            BNE              Verifica_SW2
   97 00000074 F000 F808       BL               IncrementaPasso
   98 00000078 E7EA            B                Conta
   99 0000007A         Verifica_SW2
  100 0000007A F7FF FFFE       BL               PortJ_Input
  101 0000007E 2801            CMP              R0, #2_00000001
  102 00000080 D1E6            BNE              Conta
  103 00000082 F000 F807       BL               DecrementaPasso
  104 00000086 E7E3            B                Conta
  105 00000088         
  106 00000088         ;-------------------------------------------------------
                       -------------------------
  107 00000088         ; Função IncrementaPasso
  108 00000088         ; Parâmetro de entrada: R9
  109 00000088         ; Parâmetro de saída: R9
  110 00000088         IncrementaPasso
  111 00000088 F1B9 0F09       CMP              R9, #9
  112 0000008C BF18            IT               NE
  113 0000008E F119 0901       ADDSNE           R9, #1
  114 00000092 4770            BX               LR
  115 00000094         ;-------------------------------------------------------
                       -------------------------
  116 00000094         ; Função DecrementaPasso
  117 00000094         ; Parâmetro de entrada: R9
  118 00000094         ; Parâmetro de saída: R9
  119 00000094         DecrementaPasso
  120 00000094 F1B9 0F01       CMP              R9, #1
  121 00000098 BF18            IT               NE
  122 0000009A F1B9 0901       SUBSNE           R9, #1
  123 0000009E 4770            BX               LR
  124 000000A0         ;-------------------------------------------------------
                       -------------------------
  125 000000A0         ; Função SSD
  126 000000A0         ; Parâmetro de entrada: R3
  127 000000A0         ; Parâmetro de saída: Não tem
  128 000000A0         SSD
  129 000000A0 F04F 0A00       MOV              R10, #0
  130 000000A4         Loop
  131 000000A4 F11A 0A01       ADDS             R10, #1
  132 000000A8 F04F 050A       MOV              R5, #10
  133 000000AC F04F 0010       MOV              R0, #2_00010000
  134 000000B0 B500            PUSH             {LR}
  135 000000B2 F7FF FFFE       BL               PortB_Output
  136 000000B6 F85D EB04       POP              {LR}
  137 000000BA FBB8 F6F5       UDIV             R6, R8, R5
  138 000000BE B500            PUSH             {LR}
  139 000000C0 F000 F96B       BL               CodificaValor
  140 000000C4 F85D EB04       POP              {LR}
  141 000000C8 F04F 0005       MOV              R0, #5
  142 000000CC B500            PUSH             {LR}
  143 000000CE F7FF FFFE       BL               SysTick_Wait1ms
  144 000000D2 F85D EB04       POP              {LR}
  145 000000D6 F04F 0000       MOV              R0, #0
  146 000000DA B500            PUSH             {LR}
  147 000000DC F7FF FFFE       BL               PortB_Output
  148 000000E0 F85D EB04       POP              {LR}
  149 000000E4 F04F 0020       MOV              R0, #2_00100000
  150 000000E8 B500            PUSH             {LR}



ARM Macro Assembler    Page 4 


  151 000000EA F7FF FFFE       BL               PortB_Output
  152 000000EE F85D EB04       POP              {LR}
  153 000000F2 FB06 F605       MUL              R6, R6, R5
  154 000000F6 EBA8 0606       SUB              R6, R8, R6
  155 000000FA B500            PUSH             {LR}
  156 000000FC F000 F94D       BL               CodificaValor
  157 00000100 F85D EB04       POP              {LR}
  158 00000104 F04F 0005       MOV              R0, #5
  159 00000108 B500            PUSH             {LR}
  160 0000010A F7FF FFFE       BL               SysTick_Wait1ms
  161 0000010E F85D EB04       POP              {LR}
  162 00000112 F04F 0000       MOV              R0, #0
  163 00000116 B500            PUSH             {LR}
  164 00000118 F7FF FFFE       BL               PortB_Output
  165 0000011C F85D EB04       POP              {LR}
  166 00000120 F04F 0020       MOV              R0, #2_00100000
  167 00000124 B500            PUSH             {LR}
  168 00000126 F7FF FFFE       BL               PortP_Output
  169 0000012A F85D EB04       POP              {LR}
  170 0000012E B500            PUSH             {LR}
  171 00000130 F000 F814       BL               CodificaLED
  172 00000134 F85D EB04       POP              {LR}
  173 00000138 F04F 0005       MOV              R0, #5
  174 0000013C B500            PUSH             {LR}
  175 0000013E F7FF FFFE       BL               SysTick_Wait1ms
  176 00000142 F85D EB04       POP              {LR}
  177 00000146 F04F 0000       MOV              R0, #0
  178 0000014A B500            PUSH             {LR}
  179 0000014C F7FF FFFE       BL               PortP_Output
  180 00000150 F85D EB04       POP              {LR}
  181 00000154 F1BA 0F64       CMP              R10, #100
  182 00000158 D1A4            BNE              Loop
  183 0000015A 4770            BX               LR
  184 0000015C         ;-------------------------------------------------------
                       -------------------------
  185 0000015C         ; Função CodificaLED
  186 0000015C         ; Parâmetro de entrada: R11
  187 0000015C         ; Parâmetro de saída: Não tem
  188 0000015C         CodificaLED
  189 0000015C F1BB 0F00       CMP              R11, #0
  190 00000160 D10E            BNE              LED2
  191 00000162 F04F 0001       MOV              R0, #2_00000001
  192 00000166 B500            PUSH             {LR}
  193 00000168 F7FF FFFE       BL               PortQ_Output
  194 0000016C F85D EB04       POP              {LR}
  195 00000170 F04F 0000       MOV              R0, #2_00000000
  196 00000174 B500            PUSH             {LR}
  197 00000176 F7FF FFFE       BL               PortA_Output
  198 0000017A F85D EB04       POP              {LR}
  199 0000017E 4770            BX               LR
  200 00000180         LED2
  201 00000180 F1BB 0F01       CMP              R11, #1
  202 00000184 D10E            BNE              LED3
  203 00000186 F04F 0003       MOV              R0, #2_00000011
  204 0000018A B500            PUSH             {LR}
  205 0000018C F7FF FFFE       BL               PortQ_Output
  206 00000190 F85D EB04       POP              {LR}
  207 00000194 F04F 0000       MOV              R0, #2_00000000
  208 00000198 B500            PUSH             {LR}



ARM Macro Assembler    Page 5 


  209 0000019A F7FF FFFE       BL               PortA_Output
  210 0000019E F85D EB04       POP              {LR}
  211 000001A2 4770            BX               LR
  212 000001A4         LED3
  213 000001A4 F1BB 0F02       CMP              R11, #2
  214 000001A8 D10E            BNE              LED4
  215 000001AA F04F 0007       MOV              R0, #2_00000111
  216 000001AE B500            PUSH             {LR}
  217 000001B0 F7FF FFFE       BL               PortQ_Output
  218 000001B4 F85D EB04       POP              {LR}
  219 000001B8 F04F 0000       MOV              R0, #2_00000000
  220 000001BC B500            PUSH             {LR}
  221 000001BE F7FF FFFE       BL               PortA_Output
  222 000001C2 F85D EB04       POP              {LR}
  223 000001C6 4770            BX               LR
  224 000001C8         LED4
  225 000001C8 F1BB 0F03       CMP              R11, #3
  226 000001CC D10E            BNE              LED5
  227 000001CE F04F 000F       MOV              R0, #2_00001111
  228 000001D2 B500            PUSH             {LR}
  229 000001D4 F7FF FFFE       BL               PortQ_Output
  230 000001D8 F85D EB04       POP              {LR}
  231 000001DC F04F 0000       MOV              R0, #2_00000000
  232 000001E0 B500            PUSH             {LR}
  233 000001E2 F7FF FFFE       BL               PortA_Output
  234 000001E6 F85D EB04       POP              {LR}
  235 000001EA 4770            BX               LR
  236 000001EC         LED5
  237 000001EC F1BB 0F04       CMP              R11, #4
  238 000001F0 D10E            BNE              LED6
  239 000001F2 F04F 000F       MOV              R0, #2_00001111
  240 000001F6 B500            PUSH             {LR}
  241 000001F8 F7FF FFFE       BL               PortQ_Output
  242 000001FC F85D EB04       POP              {LR}
  243 00000200 F04F 0010       MOV              R0, #2_00010000
  244 00000204 B500            PUSH             {LR}
  245 00000206 F7FF FFFE       BL               PortA_Output
  246 0000020A F85D EB04       POP              {LR}
  247 0000020E 4770            BX               LR
  248 00000210         LED6
  249 00000210 F1BB 0F05       CMP              R11, #5
  250 00000214 D10E            BNE              LED7
  251 00000216 F04F 000F       MOV              R0, #2_00001111
  252 0000021A B500            PUSH             {LR}
  253 0000021C F7FF FFFE       BL               PortQ_Output
  254 00000220 F85D EB04       POP              {LR}
  255 00000224 F04F 0030       MOV              R0, #2_00110000
  256 00000228 B500            PUSH             {LR}
  257 0000022A F7FF FFFE       BL               PortA_Output
  258 0000022E F85D EB04       POP              {LR}
  259 00000232 4770            BX               LR
  260 00000234         LED7
  261 00000234 F1BB 0F06       CMP              R11, #6
  262 00000238 D10E            BNE              LED8
  263 0000023A F04F 000F       MOV              R0, #2_00001111
  264 0000023E B500            PUSH             {LR}
  265 00000240 F7FF FFFE       BL               PortQ_Output
  266 00000244 F85D EB04       POP              {LR}
  267 00000248 F04F 0070       MOV              R0, #2_01110000



ARM Macro Assembler    Page 6 


  268 0000024C B500            PUSH             {LR}
  269 0000024E F7FF FFFE       BL               PortA_Output
  270 00000252 F85D EB04       POP              {LR}
  271 00000256 4770            BX               LR
  272 00000258         LED8
  273 00000258 F1BB 0F07       CMP              R11, #7
  274 0000025C D10E            BNE              LED9
  275 0000025E F04F 000F       MOV              R0, #2_00001111
  276 00000262 B500            PUSH             {LR}
  277 00000264 F7FF FFFE       BL               PortQ_Output
  278 00000268 F85D EB04       POP              {LR}
  279 0000026C F04F 00F0       MOV              R0, #2_11110000
  280 00000270 B500            PUSH             {LR}
  281 00000272 F7FF FFFE       BL               PortA_Output
  282 00000276 F85D EB04       POP              {LR}
  283 0000027A 4770            BX               LR
  284 0000027C         LED9
  285 0000027C F1BB 0F08       CMP              R11, #8
  286 00000280 D10E            BNE              LED10
  287 00000282 F04F 000F       MOV              R0, #2_00001111
  288 00000286 B500            PUSH             {LR}
  289 00000288 F7FF FFFE       BL               PortQ_Output
  290 0000028C F85D EB04       POP              {LR}
  291 00000290 F04F 0070       MOV              R0, #2_01110000
  292 00000294 B500            PUSH             {LR}
  293 00000296 F7FF FFFE       BL               PortA_Output
  294 0000029A F85D EB04       POP              {LR}
  295 0000029E 4770            BX               LR
  296 000002A0         LED10
  297 000002A0 F1BB 0F09       CMP              R11, #9
  298 000002A4 D10E            BNE              LED11
  299 000002A6 F04F 000F       MOV              R0, #2_00001111
  300 000002AA B500            PUSH             {LR}
  301 000002AC F7FF FFFE       BL               PortQ_Output
  302 000002B0 F85D EB04       POP              {LR}
  303 000002B4 F04F 0030       MOV              R0, #2_00110000
  304 000002B8 B500            PUSH             {LR}
  305 000002BA F7FF FFFE       BL               PortA_Output
  306 000002BE F85D EB04       POP              {LR}
  307 000002C2 4770            BX               LR
  308 000002C4         LED11
  309 000002C4 F1BB 0F0A       CMP              R11, #10
  310 000002C8 D10E            BNE              LED12
  311 000002CA F04F 000F       MOV              R0, #2_00001111
  312 000002CE B500            PUSH             {LR}
  313 000002D0 F7FF FFFE       BL               PortQ_Output
  314 000002D4 F85D EB04       POP              {LR}
  315 000002D8 F04F 0010       MOV              R0, #2_00010000
  316 000002DC B500            PUSH             {LR}
  317 000002DE F7FF FFFE       BL               PortA_Output
  318 000002E2 F85D EB04       POP              {LR}
  319 000002E6 4770            BX               LR
  320 000002E8         LED12
  321 000002E8 F1BB 0F0B       CMP              R11, #11
  322 000002EC D10E            BNE              LED13
  323 000002EE F04F 000F       MOV              R0, #2_00001111
  324 000002F2 B500            PUSH             {LR}
  325 000002F4 F7FF FFFE       BL               PortQ_Output
  326 000002F8 F85D EB04       POP              {LR}



ARM Macro Assembler    Page 7 


  327 000002FC F04F 0000       MOV              R0, #2_00000000
  328 00000300 B500            PUSH             {LR}
  329 00000302 F7FF FFFE       BL               PortA_Output
  330 00000306 F85D EB04       POP              {LR}
  331 0000030A 4770            BX               LR
  332 0000030C         LED13
  333 0000030C F1BB 0F0C       CMP              R11, #12
  334 00000310 D10E            BNE              LED14
  335 00000312 F04F 0007       MOV              R0, #2_00000111
  336 00000316 B500            PUSH             {LR}
  337 00000318 F7FF FFFE       BL               PortQ_Output
  338 0000031C F85D EB04       POP              {LR}
  339 00000320 F04F 0000       MOV              R0, #2_00000000
  340 00000324 B500            PUSH             {LR}
  341 00000326 F7FF FFFE       BL               PortA_Output
  342 0000032A F85D EB04       POP              {LR}
  343 0000032E 4770            BX               LR
  344 00000330         LED14
  345 00000330 F1BB 0F0D       CMP              R11, #13
  346 00000334 D10E            BNE              LED15
  347 00000336 F04F 0003       MOV              R0, #2_00000011
  348 0000033A B500            PUSH             {LR}
  349 0000033C F7FF FFFE       BL               PortQ_Output
  350 00000340 F85D EB04       POP              {LR}
  351 00000344 F04F 0000       MOV              R0, #2_00000000
  352 00000348 B500            PUSH             {LR}
  353 0000034A F7FF FFFE       BL               PortA_Output
  354 0000034E F85D EB04       POP              {LR}
  355 00000352 4770            BX               LR
  356 00000354         LED15
  357 00000354 F1BB 0F0E       CMP              R11, #14
  358 00000358 D10E            BNE              LED16
  359 0000035A F04F 0001       MOV              R0, #2_00000001
  360 0000035E B500            PUSH             {LR}
  361 00000360 F7FF FFFE       BL               PortQ_Output
  362 00000364 F85D EB04       POP              {LR}
  363 00000368 F04F 0000       MOV              R0, #2_00000000
  364 0000036C B500            PUSH             {LR}
  365 0000036E F7FF FFFE       BL               PortA_Output
  366 00000372 F85D EB04       POP              {LR}
  367 00000376 4770            BX               LR
  368 00000378         LED16
  369 00000378 F04F 0000       MOV              R0, #2_00000000
  370 0000037C B500            PUSH             {LR}
  371 0000037E F7FF FFFE       BL               PortQ_Output
  372 00000382 F85D EB04       POP              {LR}
  373 00000386 F04F 0000       MOV              R0, #2_00000000
  374 0000038A B500            PUSH             {LR}
  375 0000038C F7FF FFFE       BL               PortA_Output
  376 00000390 F85D EB04       POP              {LR}
  377 00000394 F04F 3BFF       MOV              R11, #-1
  378 00000398 4770            BX               LR
  379 0000039A         ;-------------------------------------------------------
                       -------------------------
  380 0000039A         ; Função CodificaValor
  381 0000039A         ; Parâmetro de entrada: R6
  382 0000039A         ; Parâmetro de saída: Não tem
  383 0000039A         CodificaValor
  384 0000039A 2E00            CMP              R6, #0



ARM Macro Assembler    Page 8 


  385 0000039C D10E            BNE              Um
  386 0000039E F04F 0030       MOV              R0, #2_00110000
  387 000003A2 B500            PUSH             {LR}
  388 000003A4 F7FF FFFE       BL               PortA_Output
  389 000003A8 F85D EB04       POP              {LR}
  390 000003AC F04F 000F       MOV              R0, #2_00001111
  391 000003B0 B500            PUSH             {LR}
  392 000003B2 F7FF FFFE       BL               PortQ_Output
  393 000003B6 F85D EB04       POP              {LR}
  394 000003BA 4770            BX               LR
  395 000003BC         Um
  396 000003BC 2E01            CMP              R6, #1
  397 000003BE D10E            BNE              Dois
  398 000003C0 F04F 0000       MOV              R0, #2_00000000
  399 000003C4 B500            PUSH             {LR}
  400 000003C6 F7FF FFFE       BL               PortA_Output
  401 000003CA F85D EB04       POP              {LR}
  402 000003CE F04F 0006       MOV              R0, #2_00000110
  403 000003D2 B500            PUSH             {LR}
  404 000003D4 F7FF FFFE       BL               PortQ_Output
  405 000003D8 F85D EB04       POP              {LR}
  406 000003DC 4770            BX               LR
  407 000003DE         Dois
  408 000003DE 2E02            CMP              R6, #2
  409 000003E0 D10E            BNE              Tres
  410 000003E2 F04F 0050       MOV              R0, #2_01010000
  411 000003E6 B500            PUSH             {LR}
  412 000003E8 F7FF FFFE       BL               PortA_Output
  413 000003EC F85D EB04       POP              {LR}
  414 000003F0 F04F 000B       MOV              R0, #2_00001011
  415 000003F4 B500            PUSH             {LR}
  416 000003F6 F7FF FFFE       BL               PortQ_Output
  417 000003FA F85D EB04       POP              {LR}
  418 000003FE 4770            BX               LR
  419 00000400         Tres
  420 00000400 2E03            CMP              R6, #3
  421 00000402 D10E            BNE              Quatro
  422 00000404 F04F 0040       MOV              R0, #2_01000000
  423 00000408 B500            PUSH             {LR}
  424 0000040A F7FF FFFE       BL               PortA_Output
  425 0000040E F85D EB04       POP              {LR}
  426 00000412 F04F 000F       MOV              R0, #2_00001111
  427 00000416 B500            PUSH             {LR}
  428 00000418 F7FF FFFE       BL               PortQ_Output
  429 0000041C F85D EB04       POP              {LR}
  430 00000420 4770            BX               LR
  431 00000422         Quatro
  432 00000422 2E04            CMP              R6, #4
  433 00000424 D10E            BNE              Cinco
  434 00000426 F04F 0060       MOV              R0, #2_01100000
  435 0000042A B500            PUSH             {LR}
  436 0000042C F7FF FFFE       BL               PortA_Output
  437 00000430 F85D EB04       POP              {LR}
  438 00000434 F04F 0006       MOV              R0, #2_00000110
  439 00000438 B500            PUSH             {LR}
  440 0000043A F7FF FFFE       BL               PortQ_Output
  441 0000043E F85D EB04       POP              {LR}
  442 00000442 4770            BX               LR
  443 00000444         Cinco



ARM Macro Assembler    Page 9 


  444 00000444 2E05            CMP              R6, #5
  445 00000446 D10E            BNE              Seis
  446 00000448 F04F 0060       MOV              R0, #2_01100000
  447 0000044C B500            PUSH             {LR}
  448 0000044E F7FF FFFE       BL               PortA_Output
  449 00000452 F85D EB04       POP              {LR}
  450 00000456 F04F 000D       MOV              R0, #2_00001101
  451 0000045A B500            PUSH             {LR}
  452 0000045C F7FF FFFE       BL               PortQ_Output
  453 00000460 F85D EB04       POP              {LR}
  454 00000464 4770            BX               LR
  455 00000466         Seis
  456 00000466 2E06            CMP              R6, #6
  457 00000468 D10E            BNE              Sete
  458 0000046A F04F 0070       MOV              R0, #2_01110000
  459 0000046E B500            PUSH             {LR}
  460 00000470 F7FF FFFE       BL               PortA_Output
  461 00000474 F85D EB04       POP              {LR}
  462 00000478 F04F 000D       MOV              R0, #2_00001101
  463 0000047C B500            PUSH             {LR}
  464 0000047E F7FF FFFE       BL               PortQ_Output
  465 00000482 F85D EB04       POP              {LR}
  466 00000486 4770            BX               LR
  467 00000488         Sete
  468 00000488 2E07            CMP              R6, #7
  469 0000048A D10E            BNE              Oito
  470 0000048C F04F 0000       MOV              R0, #2_00000000
  471 00000490 B500            PUSH             {LR}
  472 00000492 F7FF FFFE       BL               PortA_Output
  473 00000496 F85D EB04       POP              {LR}
  474 0000049A F04F 0007       MOV              R0, #2_00000111
  475 0000049E B500            PUSH             {LR}
  476 000004A0 F7FF FFFE       BL               PortQ_Output
  477 000004A4 F85D EB04       POP              {LR}
  478 000004A8 4770            BX               LR
  479 000004AA         Oito
  480 000004AA 2E08            CMP              R6, #8
  481 000004AC D10E            BNE              Nove
  482 000004AE F04F 0070       MOV              R0, #2_01110000
  483 000004B2 B500            PUSH             {LR}
  484 000004B4 F7FF FFFE       BL               PortA_Output
  485 000004B8 F85D EB04       POP              {LR}
  486 000004BC F04F 000F       MOV              R0, #2_00001111
  487 000004C0 B500            PUSH             {LR}
  488 000004C2 F7FF FFFE       BL               PortQ_Output
  489 000004C6 F85D EB04       POP              {LR}
  490 000004CA 4770            BX               LR
  491 000004CC         Nove
  492 000004CC F04F 0060       MOV              R0, #2_01100000
  493 000004D0 B500            PUSH             {LR}
  494 000004D2 F7FF FFFE       BL               PortA_Output
  495 000004D6 F85D EB04       POP              {LR}
  496 000004DA F04F 000F       MOV              R0, #2_00001111
  497 000004DE B500            PUSH             {LR}
  498 000004E0 F7FF FFFE       BL               PortQ_Output
  499 000004E4 F85D EB04       POP              {LR}
  500 000004E8 4770            BX               LR
  501 000004EA         ; ------------------------------------------------------
                       --------------------------------------------------------



ARM Macro Assembler    Page 10 


                       -----------
  502 000004EA         ; Fim do Arquivo
  503 000004EA         ; ------------------------------------------------------
                       --------------------------------------------------------
                       ----------- 
  504 000004EA 00 00           ALIGN                        ;Garante que o fim 
                                                            da seção está alinh
                                                            ada 
  505 000004EC                 END                          ;Fim do arquivo
Command Line: --debug --xref --diag_suppress=9931 --cpu=Cortex-M4.fp --apcs=int
erwork --depend=.\objects\main.d -o.\objects\main.o -I.\RTE\_Target_1 -IC:\Keil
_v5\ARM\PACK\Keil\TM4C_DFP\1.1.0\Device\Include\TM4C129 -IC:\Keil_v5\ARM\CMSIS\
Include --predefine="__EVAL SETA 1" --predefine="__UVISION_VERSION SETA 526" --
predefine="TM4C1294NCPDT SETA 1" --list=.\listings\main.lst main.s



ARM Macro Assembler    Page 1 Alphabetic symbol ordering
Relocatable symbols

DATA 00000000

Symbol: DATA
   Definitions
      At line 21 in file main.s
   Uses
      None
Comment: DATA unused
1 symbol



ARM Macro Assembler    Page 1 Alphabetic symbol ordering
Relocatable symbols

.text 00000000

Symbol: .text
   Definitions
      At line 32 in file main.s
   Uses
      None
Comment: .text unused
Cinco 00000444

Symbol: Cinco
   Definitions
      At line 443 in file main.s
   Uses
      At line 433 in file main.s
Comment: Cinco used once
CodificaLED 0000015C

Symbol: CodificaLED
   Definitions
      At line 188 in file main.s
   Uses
      At line 171 in file main.s
Comment: CodificaLED used once
CodificaValor 0000039A

Symbol: CodificaValor
   Definitions
      At line 383 in file main.s
   Uses
      At line 139 in file main.s
      At line 156 in file main.s

Conta 00000050

Symbol: Conta
   Definitions
      At line 83 in file main.s
   Uses
      At line 98 in file main.s
      At line 102 in file main.s
      At line 104 in file main.s

DecrementaPasso 00000094

Symbol: DecrementaPasso
   Definitions
      At line 119 in file main.s
   Uses
      At line 103 in file main.s
Comment: DecrementaPasso used once
Dois 000003DE

Symbol: Dois
   Definitions
      At line 407 in file main.s
   Uses
      At line 397 in file main.s
Comment: Dois used once



ARM Macro Assembler    Page 2 Alphabetic symbol ordering
Relocatable symbols

IncrementaPasso 00000088

Symbol: IncrementaPasso
   Definitions
      At line 110 in file main.s
   Uses
      At line 97 in file main.s
Comment: IncrementaPasso used once
LED10 000002A0

Symbol: LED10
   Definitions
      At line 296 in file main.s
   Uses
      At line 286 in file main.s
Comment: LED10 used once
LED11 000002C4

Symbol: LED11
   Definitions
      At line 308 in file main.s
   Uses
      At line 298 in file main.s
Comment: LED11 used once
LED12 000002E8

Symbol: LED12
   Definitions
      At line 320 in file main.s
   Uses
      At line 310 in file main.s
Comment: LED12 used once
LED13 0000030C

Symbol: LED13
   Definitions
      At line 332 in file main.s
   Uses
      At line 322 in file main.s
Comment: LED13 used once
LED14 00000330

Symbol: LED14
   Definitions
      At line 344 in file main.s
   Uses
      At line 334 in file main.s
Comment: LED14 used once
LED15 00000354

Symbol: LED15
   Definitions
      At line 356 in file main.s
   Uses
      At line 346 in file main.s
Comment: LED15 used once
LED16 00000378

Symbol: LED16



ARM Macro Assembler    Page 3 Alphabetic symbol ordering
Relocatable symbols

   Definitions
      At line 368 in file main.s
   Uses
      At line 358 in file main.s
Comment: LED16 used once
LED2 00000180

Symbol: LED2
   Definitions
      At line 200 in file main.s
   Uses
      At line 190 in file main.s
Comment: LED2 used once
LED3 000001A4

Symbol: LED3
   Definitions
      At line 212 in file main.s
   Uses
      At line 202 in file main.s
Comment: LED3 used once
LED4 000001C8

Symbol: LED4
   Definitions
      At line 224 in file main.s
   Uses
      At line 214 in file main.s
Comment: LED4 used once
LED5 000001EC

Symbol: LED5
   Definitions
      At line 236 in file main.s
   Uses
      At line 226 in file main.s
Comment: LED5 used once
LED6 00000210

Symbol: LED6
   Definitions
      At line 248 in file main.s
   Uses
      At line 238 in file main.s
Comment: LED6 used once
LED7 00000234

Symbol: LED7
   Definitions
      At line 260 in file main.s
   Uses
      At line 250 in file main.s
Comment: LED7 used once
LED8 00000258

Symbol: LED8
   Definitions
      At line 272 in file main.s
   Uses



ARM Macro Assembler    Page 4 Alphabetic symbol ordering
Relocatable symbols

      At line 262 in file main.s
Comment: LED8 used once
LED9 0000027C

Symbol: LED9
   Definitions
      At line 284 in file main.s
   Uses
      At line 274 in file main.s
Comment: LED9 used once
Loop 000000A4

Symbol: Loop
   Definitions
      At line 130 in file main.s
   Uses
      At line 182 in file main.s
Comment: Loop used once
MainLoop 0000000C

Symbol: MainLoop
   Definitions
      At line 59 in file main.s
   Uses
      None
Comment: MainLoop unused
MantemContagem 00000028

Symbol: MantemContagem
   Definitions
      At line 71 in file main.s
   Uses
      At line 89 in file main.s
Comment: MantemContagem used once
MantemLED 0000004C

Symbol: MantemLED
   Definitions
      At line 81 in file main.s
   Uses
      At line 86 in file main.s
Comment: MantemLED used once
Nove 000004CC

Symbol: Nove
   Definitions
      At line 491 in file main.s
   Uses
      At line 481 in file main.s
Comment: Nove used once
Oito 000004AA

Symbol: Oito
   Definitions
      At line 479 in file main.s
   Uses
      At line 469 in file main.s
Comment: Oito used once
Quatro 00000422



ARM Macro Assembler    Page 5 Alphabetic symbol ordering
Relocatable symbols


Symbol: Quatro
   Definitions
      At line 431 in file main.s
   Uses
      At line 421 in file main.s
Comment: Quatro used once
SSD 000000A0

Symbol: SSD
   Definitions
      At line 128 in file main.s
   Uses
      At line 78 in file main.s
      At line 92 in file main.s

Seis 00000466

Symbol: Seis
   Definitions
      At line 455 in file main.s
   Uses
      At line 445 in file main.s
Comment: Seis used once
Sete 00000488

Symbol: Sete
   Definitions
      At line 467 in file main.s
   Uses
      At line 457 in file main.s
Comment: Sete used once
Start 00000000

Symbol: Start
   Definitions
      At line 54 in file main.s
   Uses
      At line 35 in file main.s
Comment: Start used once
Tres 00000400

Symbol: Tres
   Definitions
      At line 419 in file main.s
   Uses
      At line 409 in file main.s
Comment: Tres used once
Um 000003BC

Symbol: Um
   Definitions
      At line 395 in file main.s
   Uses
      At line 385 in file main.s
Comment: Um used once
Verifica_SW1 0000006C

Symbol: Verifica_SW1



ARM Macro Assembler    Page 6 Alphabetic symbol ordering
Relocatable symbols

   Definitions
      At line 93 in file main.s
   Uses
      None
Comment: Verifica_SW1 unused
Verifica_SW2 0000007A

Symbol: Verifica_SW2
   Definitions
      At line 99 in file main.s
   Uses
      At line 96 in file main.s
Comment: Verifica_SW2 used once
38 symbols



ARM Macro Assembler    Page 1 Alphabetic symbol ordering
External symbols

GPIO_Init 00000000

Symbol: GPIO_Init
   Definitions
      At line 44 in file main.s
   Uses
      At line 57 in file main.s
Comment: GPIO_Init used once
PLL_Init 00000000

Symbol: PLL_Init
   Definitions
      At line 41 in file main.s
   Uses
      At line 55 in file main.s
Comment: PLL_Init used once
PortA_Output 00000000

Symbol: PortA_Output
   Definitions
      At line 45 in file main.s
   Uses
      At line 65 in file main.s
      At line 197 in file main.s
      At line 209 in file main.s
      At line 221 in file main.s
      At line 233 in file main.s
      At line 245 in file main.s
      At line 257 in file main.s
      At line 269 in file main.s
      At line 281 in file main.s
      At line 293 in file main.s
      At line 305 in file main.s
      At line 317 in file main.s
      At line 329 in file main.s
      At line 341 in file main.s
      At line 353 in file main.s
      At line 365 in file main.s
      At line 375 in file main.s
      At line 388 in file main.s
      At line 400 in file main.s
      At line 412 in file main.s
      At line 424 in file main.s
      At line 436 in file main.s
      At line 448 in file main.s
      At line 460 in file main.s
      At line 472 in file main.s
      At line 484 in file main.s
      At line 494 in file main.s

PortB_Output 00000000

Symbol: PortB_Output
   Definitions
      At line 46 in file main.s
   Uses
      At line 67 in file main.s
      At line 75 in file main.s
      At line 135 in file main.s



ARM Macro Assembler    Page 2 Alphabetic symbol ordering
External symbols

      At line 147 in file main.s
      At line 151 in file main.s
      At line 164 in file main.s

PortJ_Input 00000000

Symbol: PortJ_Input
   Definitions
      At line 49 in file main.s
   Uses
      At line 94 in file main.s
      At line 100 in file main.s

PortP_Output 00000000

Symbol: PortP_Output
   Definitions
      At line 48 in file main.s
   Uses
      At line 68 in file main.s
      At line 168 in file main.s
      At line 179 in file main.s

PortQ_Output 00000000

Symbol: PortQ_Output
   Definitions
      At line 47 in file main.s
   Uses
      At line 66 in file main.s
      At line 193 in file main.s
      At line 205 in file main.s
      At line 217 in file main.s
      At line 229 in file main.s
      At line 241 in file main.s
      At line 253 in file main.s
      At line 265 in file main.s
      At line 277 in file main.s
      At line 289 in file main.s
      At line 301 in file main.s
      At line 313 in file main.s
      At line 325 in file main.s
      At line 337 in file main.s
      At line 349 in file main.s
      At line 361 in file main.s
      At line 371 in file main.s
      At line 392 in file main.s
      At line 404 in file main.s
      At line 416 in file main.s
      At line 428 in file main.s
      At line 440 in file main.s
      At line 452 in file main.s
      At line 464 in file main.s
      At line 476 in file main.s
      At line 488 in file main.s
      At line 498 in file main.s

SysTick_Init 00000000




ARM Macro Assembler    Page 3 Alphabetic symbol ordering
External symbols

Symbol: SysTick_Init
   Definitions
      At line 42 in file main.s
   Uses
      At line 56 in file main.s
Comment: SysTick_Init used once
SysTick_Wait1ms 00000000

Symbol: SysTick_Wait1ms
   Definitions
      At line 43 in file main.s
   Uses
      At line 77 in file main.s
      At line 91 in file main.s
      At line 143 in file main.s
      At line 160 in file main.s
      At line 175 in file main.s

9 symbols
382 symbols in table
